  [1m[36m (1.2ms)[0m  [1mCREATE TABLE "schema_migrations" ("version" varchar(255) NOT NULL) [0m
  [1m[35m (0.1ms)[0m  select sqlite_version(*)
  [1m[36m (1.2ms)[0m  [1mCREATE UNIQUE INDEX "unique_schema_migrations" ON "schema_migrations" ("version")[0m
  [1m[35mActiveRecord::SchemaMigration Load (0.2ms)[0m  SELECT "schema_migrations".* FROM "schema_migrations"
Migrating to CreateEvents (20121121153536)
  [1m[36m (0.1ms)[0m  [1mbegin transaction[0m
  [1m[35m (0.5ms)[0m  CREATE TABLE "events" ("id" INTEGER PRIMARY KEY AUTOINCREMENT NOT NULL, "name" varchar(255), "location" varchar(255), "price" decimal, "created_at" datetime, "updated_at" datetime) 
  [1m[36mSQL (0.3ms)[0m  [1mINSERT INTO "schema_migrations" ("version") VALUES (?)[0m  [["version", "20121121153536"]]
  [1m[35m (1.0ms)[0m  commit transaction
Migrating to AddFieldsToEvents (20121121175436)
  [1m[36m (0.1ms)[0m  [1mbegin transaction[0m
  [1m[35m (1.0ms)[0m  ALTER TABLE "events" ADD "starts_at" datetime
  [1m[36m (0.2ms)[0m  [1mALTER TABLE "events" ADD "description" text[0m
  [1m[35mSQL (0.2ms)[0m  INSERT INTO "schema_migrations" ("version") VALUES (?)  [["version", "20121121175436"]]
  [1m[36m (1.0ms)[0m  [1mcommit transaction[0m
Migrating to AddImageFileAndCapacityToEvents (20121210230623)
  [1m[35m (0.1ms)[0m  begin transaction
  [1m[36m (0.6ms)[0m  [1mALTER TABLE "events" ADD "image_file_name" varchar(255)[0m
  [1m[35m (0.3ms)[0m  ALTER TABLE "events" ADD "capacity" integer DEFAULT 1
  [1m[36mSQL (0.2ms)[0m  [1mINSERT INTO "schema_migrations" ("version") VALUES (?)[0m  [["version", "20121210230623"]]
  [1m[35m (0.9ms)[0m  commit transaction
Migrating to CreateRegistrations (20121214204822)
  [1m[36m (0.1ms)[0m  [1mbegin transaction[0m
  [1m[35m (0.4ms)[0m  CREATE TABLE "registrations" ("id" INTEGER PRIMARY KEY AUTOINCREMENT NOT NULL, "name" varchar(255), "email" varchar(255), "how_heard" varchar(255), "event_id" integer, "created_at" datetime, "updated_at" datetime) 
  [1m[36m (0.1ms)[0m  [1mCREATE  INDEX "index_registrations_on_event_id" ON "registrations" ("event_id")[0m
  [1m[35mSQL (0.1ms)[0m  INSERT INTO "schema_migrations" ("version") VALUES (?)  [["version", "20121214204822"]]
  [1m[36m (0.8ms)[0m  [1mcommit transaction[0m
  [1m[35mActiveRecord::SchemaMigration Load (0.1ms)[0m  SELECT "schema_migrations".* FROM "schema_migrations"
  [1m[36m (0.3ms)[0m  [1m            SELECT sql
            FROM sqlite_master
            WHERE name='index_registrations_on_event_id' AND type='index'
            UNION ALL
            SELECT sql
            FROM sqlite_temp_master
            WHERE name='index_registrations_on_event_id' AND type='index'
[0m
  [1m[36mActiveRecord::SchemaMigration Load (0.1ms)[0m  [1mSELECT "schema_migrations".* FROM "schema_migrations"[0m
  [1m[35m (0.1ms)[0m  begin transaction
  [1m[36mSQL (0.6ms)[0m  [1mINSERT INTO "events" ("capacity", "created_at", "description", "image_file_name", "location", "name", "price", "starts_at", "updated_at") VALUES (?, ?, ?, ?, ?, ?, ?, ?, ?)[0m  [["capacity", 75], ["created_at", "2014-05-12 18:24:00.881352"], ["description", "Join us for a fun evening of bug smashing! It's a great way to get involved in open source projects whether you're reporting bugs, fixing bugs, or even inadvertently creating a few bugs!"], ["image_file_name", "bugsmash.png"], ["location", "Wynkoop in LoDo, Denver, CO"], ["name", "BugSmash"], ["price", 0.0], ["starts_at", "2014-08-20 18:24:00.872022"], ["updated_at", "2014-05-12 18:24:00.881352"]]
  [1m[35m (1.1ms)[0m  commit transaction
  [1m[36m (0.1ms)[0m  [1mbegin transaction[0m
  [1m[35mSQL (0.3ms)[0m  INSERT INTO "events" ("capacity", "created_at", "description", "image_file_name", "location", "name", "price", "starts_at", "updated_at") VALUES (?, ?, ?, ?, ?, ?, ?, ?, ?)  [["capacity", 100], ["created_at", "2014-05-12 18:24:00.895811"], ["description", "Got a killer app idea you've been itching to work on? Hunker down at the Hackathon! This is an intense, focused day of hacking on anything you want. The entry fee goes toward a bounty of cash and prizes for winners in a variety of categories."], ["image_file_name", "hackathon.png"], ["location", "Buffalo Billiards, Austin, TX"], ["name", "Hackathon"], ["price", 15.0], ["starts_at", "2014-09-09 18:24:00.872297"], ["updated_at", "2014-05-12 18:24:00.895811"]]
  [1m[36m (0.8ms)[0m  [1mcommit transaction[0m
  [1m[35m (0.1ms)[0m  begin transaction
  [1m[36mSQL (0.3ms)[0m  [1mINSERT INTO "events" ("capacity", "created_at", "description", "image_file_name", "location", "name", "price", "starts_at", "updated_at") VALUES (?, ?, ?, ?, ?, ?, ?, ?, ?)[0m  [["capacity", 50], ["created_at", "2014-05-12 18:24:00.899295"], ["description", "Kata Camp is where developers go to practice their craft without the interruptions of a typical project. Forget about having to actually ship something. Tell your manager you're going to Kata Camp for the day! Price includes a buffet lunch and a leather-bound journal to record your kata achievements."], ["image_file_name", "katacamp.png"], ["location", "Double R Ranch, Dallas, TX"], ["name", "Kata Camp"], ["price", 75.0], ["starts_at", "2014-10-09 18:24:00.872430"], ["updated_at", "2014-05-12 18:24:00.899295"]]
  [1m[35m (0.8ms)[0m  commit transaction
  [1m[36m (0.1ms)[0m  [1mbegin transaction[0m
  [1m[35mSQL (0.4ms)[0m  INSERT INTO "events" ("capacity", "created_at", "description", "image_file_name", "location", "name", "price", "starts_at", "updated_at") VALUES (?, ?, ?, ?, ?, ?, ?, ?, ?)  [["capacity", 15], ["created_at", "2014-05-12 18:24:00.902934"], ["description", "Start your day off right with a good cup of Joe while you sling some code. By the time you hit the office, you'll be all tuned up!"], ["image_file_name", "coffeecode.png"], ["location", "Stumptown Coffee, Portland, OR"], ["name", "Coffee and Code"], ["price", 0.0], ["starts_at", "2014-10-29 18:24:00.872565"], ["updated_at", "2014-05-12 18:24:00.902934"]]
  [1m[36m (1.0ms)[0m  [1mcommit transaction[0m
  [1m[35m (0.1ms)[0m  begin transaction
  [1m[36mSQL (0.2ms)[0m  [1mINSERT INTO "events" ("capacity", "created_at", "description", "image_file_name", "location", "name", "price", "starts_at", "updated_at") VALUES (?, ?, ?, ?, ?, ?, ?, ?, ?)[0m  [["capacity", 150], ["created_at", "2014-05-12 18:24:00.907632"], ["description", "Brew up the tastiest Mac app and win! Entry fee includes a stylish apron."], ["image_file_name", "cocoacookoff.png"], ["location", "1 Infinite Loop, Cupertino, CA"], ["name", "Cocoa Cook-off"], ["price", 25.0], ["starts_at", "2014-11-08 18:24:00.872646"], ["updated_at", "2014-05-12 18:24:00.907632"]]
  [1m[35m (0.8ms)[0m  commit transaction
  [1m[36m (0.1ms)[0m  [1mbegin transaction[0m
  [1m[35mSQL (0.2ms)[0m  INSERT INTO "events" ("capacity", "created_at", "description", "image_file_name", "location", "name", "price", "starts_at", "updated_at") VALUES (?, ?, ?, ?, ?, ?, ?, ?, ?)  [["capacity", 200], ["created_at", "2014-05-12 18:24:00.910470"], ["description", "Join us for a non-stop evening of Muppet mania! We'll watch all the hits (and flops), starting with the classics from back in the day and ending with the latest release."], ["image_file_name", "moviemarathon.png"], ["location", "Disney Theatre, Orlando, FL"], ["name", "Muppets Movie Marathon"], ["price", 15.0], ["starts_at", "2014-11-18 18:24:00.872713"], ["updated_at", "2014-05-12 18:24:00.910470"]]
  [1m[36m (0.7ms)[0m  [1mcommit transaction[0m
  [1m[35m (0.1ms)[0m  begin transaction
  [1m[36mSQL (0.2ms)[0m  [1mINSERT INTO "events" ("capacity", "created_at", "description", "image_file_name", "location", "name", "price", "starts_at", "updated_at") VALUES (?, ?, ?, ?, ?, ?, ?, ?, ?)[0m  [["capacity", 75], ["created_at", "2014-05-12 18:24:00.913278"], ["description", "Come sing along with your favorite country band in Music City! Cover charge includes a confidence-boosting beverage of your choice and entry into the YeeHaw Yodelin' contest."], ["image_file_name", "karaoke.png"], ["location", "Hokey Pokey Saloon, Nashville, TN"], ["name", "Hokey Karaoke"], ["price", 25.0], ["starts_at", "2014-11-28 18:24:00.872822"], ["updated_at", "2014-05-12 18:24:00.913278"]]
  [1m[35m (0.8ms)[0m  commit transaction
  [1m[36m (0.1ms)[0m  [1mbegin transaction[0m
  [1m[35mSQL (0.2ms)[0m  INSERT INTO "events" ("capacity", "created_at", "description", "image_file_name", "location", "name", "price", "starts_at", "updated_at") VALUES (?, ?, ?, ?, ?, ?, ?, ?, ?)  [["capacity", 30], ["created_at", "2014-05-12 18:24:00.916018"], ["description", "Come meet local Rails developers and enjoy a technical talk by a local celebrity. This week's topic is a comparison of testing frameworks, templating systems, and whether to use tabs or spaces."], ["image_file_name", "placeholder.png"], ["location", "Reston, VA"], ["name", "Rails User Group"], ["price", 0.0], ["starts_at", "2014-05-10 18:24:00.872902"], ["updated_at", "2014-05-12 18:24:00.916018"]]
  [1m[36m (0.8ms)[0m  [1mcommit transaction[0m
  [1m[35mEvent Load (0.3ms)[0m  SELECT  "events".* FROM "events"  WHERE "events"."name" = 'BugSmash' LIMIT 1
  [1m[36m (0.1ms)[0m  [1mbegin transaction[0m
  [1m[35mSQL (0.6ms)[0m  INSERT INTO "registrations" ("created_at", "email", "event_id", "how_heard", "name", "updated_at") VALUES (?, ?, ?, ?, ?, ?)  [["created_at", "2014-05-12 18:24:00.962303"], ["email", "larry@stooges.com"], ["event_id", 1], ["how_heard", "Newsletter"], ["name", "Larry"], ["updated_at", "2014-05-12 18:24:00.962303"]]
  [1m[36m (0.9ms)[0m  [1mcommit transaction[0m
  [1m[35m (0.1ms)[0m  begin transaction
  [1m[36mSQL (0.4ms)[0m  [1mINSERT INTO "registrations" ("created_at", "email", "event_id", "how_heard", "name", "updated_at") VALUES (?, ?, ?, ?, ?, ?)[0m  [["created_at", "2014-05-12 18:24:00.966955"], ["email", "moe@stooges.com"], ["event_id", 1], ["how_heard", "Blog Post"], ["name", "Moe"], ["updated_at", "2014-05-12 18:24:00.966955"]]
  [1m[35m (0.9ms)[0m  commit transaction
  [1m[36m (0.1ms)[0m  [1mbegin transaction[0m
  [1m[35mSQL (0.3ms)[0m  INSERT INTO "registrations" ("created_at", "email", "event_id", "how_heard", "name", "updated_at") VALUES (?, ?, ?, ?, ?, ?)  [["created_at", "2014-05-12 18:24:00.970601"], ["email", "curly@stooges.com"], ["event_id", 1], ["how_heard", "Twitter"], ["name", "Curly"], ["updated_at", "2014-05-12 18:24:00.970601"]]
  [1m[36m (0.9ms)[0m  [1mcommit transaction[0m
  [1m[35mEvent Load (0.2ms)[0m  SELECT  "events".* FROM "events"  WHERE "events"."name" = 'Kata Camp' LIMIT 1
  [1m[36m (0.1ms)[0m  [1mbegin transaction[0m
  [1m[35mSQL (0.4ms)[0m  INSERT INTO "registrations" ("created_at", "email", "event_id", "how_heard", "name", "updated_at") VALUES (?, ?, ?, ?, ?, ?)  [["created_at", "2014-05-12 18:24:00.976130"], ["email", "moe@stooges.com"], ["event_id", 3], ["how_heard", "Web Search"], ["name", "Moe"], ["updated_at", "2014-05-12 18:24:00.976130"]]
  [1m[36m (0.9ms)[0m  [1mcommit transaction[0m


Started GET "/" for 127.0.0.1 at 2014-05-12 14:25:09 -0400
  [1m[36mActiveRecord::SchemaMigration Load (0.6ms)[0m  [1mSELECT "schema_migrations".* FROM "schema_migrations"[0m
Processing by EventsController#index as HTML
  [1m[35mEvent Load (0.7ms)[0m  SELECT "events".* FROM "events"  WHERE (starts_at >= '2014-05-12 18:25:09.467937')  ORDER BY "events"."starts_at" ASC
  [1m[36m (0.7ms)[0m  [1mSELECT COUNT(*) FROM "registrations"  WHERE "registrations"."event_id" = ?[0m  [["event_id", 1]]
  [1m[35m (0.1ms)[0m  SELECT COUNT(*) FROM "registrations"  WHERE "registrations"."event_id" = ?  [["event_id", 2]]
  [1m[36m (0.1ms)[0m  [1mSELECT COUNT(*) FROM "registrations"  WHERE "registrations"."event_id" = ?[0m  [["event_id", 3]]
  [1m[35m (0.1ms)[0m  SELECT COUNT(*) FROM "registrations"  WHERE "registrations"."event_id" = ?  [["event_id", 4]]
  [1m[36m (0.1ms)[0m  [1mSELECT COUNT(*) FROM "registrations"  WHERE "registrations"."event_id" = ?[0m  [["event_id", 5]]
  [1m[35m (0.1ms)[0m  SELECT COUNT(*) FROM "registrations"  WHERE "registrations"."event_id" = ?  [["event_id", 6]]
  [1m[36m (0.1ms)[0m  [1mSELECT COUNT(*) FROM "registrations"  WHERE "registrations"."event_id" = ?[0m  [["event_id", 7]]
  Rendered events/index.html.erb within layouts/application (96.7ms)
  Rendered layouts/_header.html.erb (1.3ms)
  Rendered layouts/_flashes.html.erb (1.5ms)
  Rendered layouts/_sidebar.html.erb (1.5ms)
  Rendered layouts/_footer.html.erb (0.5ms)
Completed 200 OK in 1149ms (Views: 1123.8ms | ActiveRecord: 2.9ms)


Started GET "/assets/application.css?body=1" for 127.0.0.1 at 2014-05-12 14:25:10 -0400


Started GET "/assets/normalize.css?body=1" for 127.0.0.1 at 2014-05-12 14:25:10 -0400


Started GET "/assets/buttons.css?body=1" for 127.0.0.1 at 2014-05-12 14:25:10 -0400


Started GET "/assets/events.css?body=1" for 127.0.0.1 at 2014-05-12 14:25:10 -0400


Started GET "/assets/layout.css?body=1" for 127.0.0.1 at 2014-05-12 14:25:10 -0400


Started GET "/assets/elements.css?body=1" for 127.0.0.1 at 2014-05-12 14:25:10 -0400


Started GET "/assets/forms.css?body=1" for 127.0.0.1 at 2014-05-12 14:25:10 -0400


Started GET "/assets/jquery_ujs.js?body=1" for 127.0.0.1 at 2014-05-12 14:25:10 -0400


Started GET "/assets/jquery.js?body=1" for 127.0.0.1 at 2014-05-12 14:25:10 -0400


Started GET "/assets/turbolinks.js?body=1" for 127.0.0.1 at 2014-05-12 14:25:10 -0400


Started GET "/assets/events.js?body=1" for 127.0.0.1 at 2014-05-12 14:25:10 -0400


Started GET "/assets/hackathon.png" for 127.0.0.1 at 2014-05-12 14:25:10 -0400


Started GET "/assets/registrations.js?body=1" for 127.0.0.1 at 2014-05-12 14:25:10 -0400


Started GET "/assets/application.js?body=1" for 127.0.0.1 at 2014-05-12 14:25:10 -0400


Started GET "/assets/moviemarathon.png" for 127.0.0.1 at 2014-05-12 14:25:10 -0400


Started GET "/assets/bugsmash.png" for 127.0.0.1 at 2014-05-12 14:25:10 -0400


Started GET "/assets/katacamp.png" for 127.0.0.1 at 2014-05-12 14:25:10 -0400


Started GET "/assets/coffeecode.png" for 127.0.0.1 at 2014-05-12 14:25:10 -0400


Started GET "/assets/cocoacookoff.png" for 127.0.0.1 at 2014-05-12 14:25:10 -0400


Started GET "/assets/karaoke.png" for 127.0.0.1 at 2014-05-12 14:25:10 -0400


Started GET "/assets/background.jpg" for 127.0.0.1 at 2014-05-12 14:25:10 -0400


Started GET "/assets/arrow.png" for 127.0.0.1 at 2014-05-12 14:25:10 -0400


Started GET "/assets/logo.png" for 127.0.0.1 at 2014-05-12 14:25:10 -0400


Started GET "/assets/add.png" for 127.0.0.1 at 2014-05-12 14:25:10 -0400
  [1m[36mActiveRecord::SchemaMigration Load (0.6ms)[0m  [1mSELECT "schema_migrations".* FROM "schema_migrations"[0m
Migrating to CreateUsers (20140512183258)
  [1m[35m (0.1ms)[0m  begin transaction
  [1m[36m (0.5ms)[0m  [1mCREATE TABLE "users" ("id" INTEGER PRIMARY KEY AUTOINCREMENT NOT NULL, "name" varchar(255), "email" varchar(255), "password_digest" varchar(255), "created_at" datetime, "updated_at" datetime) [0m
  [1m[35mSQL (0.3ms)[0m  INSERT INTO "schema_migrations" ("version") VALUES (?)  [["version", "20140512183258"]]
  [1m[36m (1.0ms)[0m  [1mcommit transaction[0m
  [1m[35mActiveRecord::SchemaMigration Load (0.2ms)[0m  SELECT "schema_migrations".* FROM "schema_migrations"
  [1m[36m (0.2ms)[0m  [1m            SELECT sql
            FROM sqlite_master
            WHERE name='index_registrations_on_event_id' AND type='index'
            UNION ALL
            SELECT sql
            FROM sqlite_temp_master
            WHERE name='index_registrations_on_event_id' AND type='index'
[0m


Started GET "/" for 127.0.0.1 at 2014-05-12 14:45:35 -0400
  [1m[35mActiveRecord::SchemaMigration Load (0.2ms)[0m  SELECT "schema_migrations".* FROM "schema_migrations"
Processing by EventsController#index as HTML
  [1m[36mEvent Load (0.9ms)[0m  [1mSELECT "events".* FROM "events"  WHERE (starts_at >= '2014-05-12 18:45:35.431030')  ORDER BY "events"."starts_at" ASC[0m
  [1m[35m (0.7ms)[0m  SELECT COUNT(*) FROM "registrations"  WHERE "registrations"."event_id" = ?  [["event_id", 1]]
  [1m[36m (0.1ms)[0m  [1mSELECT COUNT(*) FROM "registrations"  WHERE "registrations"."event_id" = ?[0m  [["event_id", 2]]
  [1m[35m (0.1ms)[0m  SELECT COUNT(*) FROM "registrations"  WHERE "registrations"."event_id" = ?  [["event_id", 3]]
  [1m[36m (0.1ms)[0m  [1mSELECT COUNT(*) FROM "registrations"  WHERE "registrations"."event_id" = ?[0m  [["event_id", 4]]
  [1m[35m (0.1ms)[0m  SELECT COUNT(*) FROM "registrations"  WHERE "registrations"."event_id" = ?  [["event_id", 5]]
  [1m[36m (0.1ms)[0m  [1mSELECT COUNT(*) FROM "registrations"  WHERE "registrations"."event_id" = ?[0m  [["event_id", 6]]
  [1m[35m (0.1ms)[0m  SELECT COUNT(*) FROM "registrations"  WHERE "registrations"."event_id" = ?  [["event_id", 7]]
  Rendered events/index.html.erb within layouts/application (32.7ms)
  Rendered layouts/_header.html.erb (0.3ms)
  Rendered layouts/_flashes.html.erb (0.2ms)
  Rendered layouts/_sidebar.html.erb (0.4ms)
  Rendered layouts/_footer.html.erb (0.1ms)
Completed 200 OK in 319ms (Views: 308.6ms | ActiveRecord: 3.2ms)


Started GET "/assets/application.css?body=1" for 127.0.0.1 at 2014-05-12 14:45:35 -0400


Started GET "/assets/normalize.css?body=1" for 127.0.0.1 at 2014-05-12 14:45:35 -0400


Started GET "/assets/layout.css?body=1" for 127.0.0.1 at 2014-05-12 14:45:35 -0400


Started GET "/assets/events.css?body=1" for 127.0.0.1 at 2014-05-12 14:45:35 -0400


Started GET "/assets/elements.css?body=1" for 127.0.0.1 at 2014-05-12 14:45:35 -0400


Started GET "/assets/users.js?body=1" for 127.0.0.1 at 2014-05-12 14:45:35 -0400


Started GET "/assets/forms.css?body=1" for 127.0.0.1 at 2014-05-12 14:45:35 -0400


Started GET "/assets/buttons.css?body=1" for 127.0.0.1 at 2014-05-12 14:45:35 -0400


Started GET "/assets/jquery.js?body=1" for 127.0.0.1 at 2014-05-12 14:45:35 -0400


Started GET "/assets/jquery_ujs.js?body=1" for 127.0.0.1 at 2014-05-12 14:45:35 -0400


Started GET "/assets/turbolinks.js?body=1" for 127.0.0.1 at 2014-05-12 14:45:35 -0400


Started GET "/assets/events.js?body=1" for 127.0.0.1 at 2014-05-12 14:45:35 -0400


Started GET "/assets/registrations.js?body=1" for 127.0.0.1 at 2014-05-12 14:45:35 -0400


Started GET "/assets/bugsmash.png" for 127.0.0.1 at 2014-05-12 14:45:35 -0400


Started GET "/assets/katacamp.png" for 127.0.0.1 at 2014-05-12 14:45:35 -0400


Started GET "/assets/coffeecode.png" for 127.0.0.1 at 2014-05-12 14:45:35 -0400


Started GET "/assets/hackathon.png" for 127.0.0.1 at 2014-05-12 14:45:35 -0400


Started GET "/assets/application.js?body=1" for 127.0.0.1 at 2014-05-12 14:45:35 -0400


Started GET "/assets/moviemarathon.png" for 127.0.0.1 at 2014-05-12 14:45:35 -0400


Started GET "/assets/cocoacookoff.png" for 127.0.0.1 at 2014-05-12 14:45:35 -0400


Started GET "/assets/karaoke.png" for 127.0.0.1 at 2014-05-12 14:45:35 -0400


Started GET "/events/1" for 127.0.0.1 at 2014-05-12 14:45:37 -0400
Processing by EventsController#show as HTML
  Parameters: {"id"=>"1"}
  [1m[36mEvent Load (0.4ms)[0m  [1mSELECT  "events".* FROM "events"  WHERE "events"."id" = ? LIMIT 1[0m  [["id", 1]]
  [1m[35m (0.1ms)[0m  SELECT COUNT(*) FROM "registrations"  WHERE "registrations"."event_id" = ?  [["event_id", 1]]
  [1m[36mCACHE (0.0ms)[0m  [1mSELECT COUNT(*) FROM "registrations"  WHERE "registrations"."event_id" = ?[0m  [["event_id", 1]]
  [1m[35mCACHE (0.0ms)[0m  SELECT COUNT(*) FROM "registrations"  WHERE "registrations"."event_id" = ?  [["event_id", 1]]
  Rendered events/show.html.erb within layouts/application (10.7ms)
  Rendered layouts/_header.html.erb (0.7ms)
  Rendered layouts/_flashes.html.erb (0.7ms)
  Rendered layouts/_sidebar.html.erb (0.6ms)
  Rendered layouts/_footer.html.erb (0.4ms)
Completed 200 OK in 36ms (Views: 30.7ms | ActiveRecord: 0.6ms)


Started GET "/assets/bugsmash.png" for 127.0.0.1 at 2014-05-12 14:45:37 -0400
  [1m[36m (0.1ms)[0m  [1mbegin transaction[0m
  [1m[35mUser Exists (0.6ms)[0m  SELECT  1 AS one FROM "users"  WHERE "users"."email" IS NULL LIMIT 1
  [1m[36m (0.1ms)[0m  [1mrollback transaction[0m
  [1m[35m (0.1ms)[0m  begin transaction
  [1m[36mUser Exists (0.2ms)[0m  [1mSELECT  1 AS one FROM "users"  WHERE LOWER("users"."email") = LOWER('mike@example.com') LIMIT 1[0m
Binary data inserted for `string` type on column `password_digest`
  [1m[35mSQL (8.2ms)[0m  INSERT INTO "users" ("created_at", "email", "name", "password_digest", "updated_at") VALUES (?, ?, ?, ?, ?)  [["created_at", "2014-05-12 18:53:42.293390"], ["email", "mike@example.com"], ["name", "Mike"], ["password_digest", "$2a$10$JwWJJ3TQAtxfmLYIv.98GuV3K2rXn20NPmMb5UhnR/wLEGfqGd50m"], ["updated_at", "2014-05-12 18:53:42.293390"]]
  [1m[36m (0.8ms)[0m  [1mcommit transaction[0m
  [1m[35m (0.1ms)[0m  begin transaction
  [1m[36mUser Exists (0.7ms)[0m  [1mSELECT  1 AS one FROM "users"  WHERE LOWER("users"."email") = LOWER('nicole@example.com') LIMIT 1[0m
Binary data inserted for `string` type on column `password_digest`
  [1m[35mSQL (0.3ms)[0m  INSERT INTO "users" ("created_at", "email", "name", "password_digest", "updated_at") VALUES (?, ?, ?, ?, ?)  [["created_at", "2014-05-12 19:04:44.420048"], ["email", "nicole@example.com"], ["name", "Nichole"], ["password_digest", "$2a$10$zhAuvFKM3pgh/lc/Jq2p8uKYWrjxdJxQ4M/l3CNQkRyaXiANrk2py"], ["updated_at", "2014-05-12 19:04:44.420048"]]
  [1m[36m (0.9ms)[0m  [1mcommit transaction[0m


Started GET "/" for 127.0.0.1 at 2014-05-12 16:39:22 -0400
  [1m[36mActiveRecord::SchemaMigration Load (0.6ms)[0m  [1mSELECT "schema_migrations".* FROM "schema_migrations"[0m
Processing by EventsController#index as HTML
  [1m[35mEvent Load (1.2ms)[0m  SELECT "events".* FROM "events"  WHERE (starts_at >= '2014-05-12 20:39:23.005839')  ORDER BY "events"."starts_at" ASC
  [1m[36m (0.5ms)[0m  [1mSELECT COUNT(*) FROM "registrations"  WHERE "registrations"."event_id" = ?[0m  [["event_id", 1]]
  [1m[35m (0.1ms)[0m  SELECT COUNT(*) FROM "registrations"  WHERE "registrations"."event_id" = ?  [["event_id", 2]]
  [1m[36m (0.1ms)[0m  [1mSELECT COUNT(*) FROM "registrations"  WHERE "registrations"."event_id" = ?[0m  [["event_id", 3]]
  [1m[35m (0.1ms)[0m  SELECT COUNT(*) FROM "registrations"  WHERE "registrations"."event_id" = ?  [["event_id", 4]]
  [1m[36m (0.1ms)[0m  [1mSELECT COUNT(*) FROM "registrations"  WHERE "registrations"."event_id" = ?[0m  [["event_id", 5]]
  [1m[35m (0.1ms)[0m  SELECT COUNT(*) FROM "registrations"  WHERE "registrations"."event_id" = ?  [["event_id", 6]]
  [1m[36m (0.1ms)[0m  [1mSELECT COUNT(*) FROM "registrations"  WHERE "registrations"."event_id" = ?[0m  [["event_id", 7]]
  Rendered events/index.html.erb within layouts/application (85.6ms)
  Rendered layouts/_header.html.erb (0.6ms)
  Rendered layouts/_flashes.html.erb (0.7ms)
  Rendered layouts/_sidebar.html.erb (0.7ms)
  Rendered layouts/_footer.html.erb (0.4ms)
Completed 200 OK in 249ms (Views: 192.4ms | ActiveRecord: 3.1ms)


Started GET "/assets/application.css?body=1" for 127.0.0.1 at 2014-05-12 16:39:23 -0400


Started GET "/assets/normalize.css?body=1" for 127.0.0.1 at 2014-05-12 16:39:23 -0400


Started GET "/assets/buttons.css?body=1" for 127.0.0.1 at 2014-05-12 16:39:23 -0400


Started GET "/assets/elements.css?body=1" for 127.0.0.1 at 2014-05-12 16:39:23 -0400


Started GET "/assets/forms.css?body=1" for 127.0.0.1 at 2014-05-12 16:39:23 -0400


Started GET "/assets/jquery.js?body=1" for 127.0.0.1 at 2014-05-12 16:39:23 -0400


Started GET "/assets/layout.css?body=1" for 127.0.0.1 at 2014-05-12 16:39:23 -0400


Started GET "/assets/events.css?body=1" for 127.0.0.1 at 2014-05-12 16:39:23 -0400


Started GET "/assets/jquery_ujs.js?body=1" for 127.0.0.1 at 2014-05-12 16:39:23 -0400


Started GET "/assets/turbolinks.js?body=1" for 127.0.0.1 at 2014-05-12 16:39:23 -0400


Started GET "/assets/users.js?body=1" for 127.0.0.1 at 2014-05-12 16:39:23 -0400


Started GET "/assets/application.js?body=1" for 127.0.0.1 at 2014-05-12 16:39:23 -0400


Started GET "/assets/registrations.js?body=1" for 127.0.0.1 at 2014-05-12 16:39:23 -0400


Started GET "/assets/events.js?body=1" for 127.0.0.1 at 2014-05-12 16:39:23 -0400


Started GET "/assets/bugsmash.png" for 127.0.0.1 at 2014-05-12 16:39:23 -0400


Started GET "/assets/hackathon.png" for 127.0.0.1 at 2014-05-12 16:39:23 -0400


Started GET "/assets/katacamp.png" for 127.0.0.1 at 2014-05-12 16:39:23 -0400


Started GET "/assets/coffeecode.png" for 127.0.0.1 at 2014-05-12 16:39:23 -0400


Started GET "/assets/cocoacookoff.png" for 127.0.0.1 at 2014-05-12 16:39:23 -0400


Started GET "/assets/karaoke.png" for 127.0.0.1 at 2014-05-12 16:39:23 -0400


Started GET "/assets/moviemarathon.png" for 127.0.0.1 at 2014-05-12 16:39:23 -0400


Started GET "/assets/background.jpg" for 127.0.0.1 at 2014-05-12 16:39:23 -0400


Started GET "/assets/logo.png" for 127.0.0.1 at 2014-05-12 16:39:23 -0400


Started GET "/assets/add.png" for 127.0.0.1 at 2014-05-12 16:39:23 -0400


Started GET "/assets/arrow.png" for 127.0.0.1 at 2014-05-12 16:39:23 -0400


Started GET "/users" for 127.0.0.1 at 2014-05-12 16:39:32 -0400

AbstractController::ActionNotFound (The action 'index' could not be found for UsersController):
  actionpack (4.1.0) lib/abstract_controller/base.rb:131:in `process'
  actionview (4.1.0) lib/action_view/rendering.rb:30:in `process'
  actionpack (4.1.0) lib/action_controller/metal.rb:195:in `dispatch'
  actionpack (4.1.0) lib/action_controller/metal/rack_delegation.rb:13:in `dispatch'
  actionpack (4.1.0) lib/action_controller/metal.rb:231:in `block in action'
  actionpack (4.1.0) lib/action_dispatch/routing/route_set.rb:80:in `call'
  actionpack (4.1.0) lib/action_dispatch/routing/route_set.rb:80:in `dispatch'
  actionpack (4.1.0) lib/action_dispatch/routing/route_set.rb:48:in `call'
  actionpack (4.1.0) lib/action_dispatch/journey/router.rb:71:in `block in call'
  actionpack (4.1.0) lib/action_dispatch/journey/router.rb:59:in `each'
  actionpack (4.1.0) lib/action_dispatch/journey/router.rb:59:in `call'
  actionpack (4.1.0) lib/action_dispatch/routing/route_set.rb:676:in `call'
  rack (1.5.2) lib/rack/etag.rb:23:in `call'
  rack (1.5.2) lib/rack/conditionalget.rb:25:in `call'
  rack (1.5.2) lib/rack/head.rb:11:in `call'
  actionpack (4.1.0) lib/action_dispatch/middleware/params_parser.rb:27:in `call'
  actionpack (4.1.0) lib/action_dispatch/middleware/flash.rb:254:in `call'
  rack (1.5.2) lib/rack/session/abstract/id.rb:225:in `context'
  rack (1.5.2) lib/rack/session/abstract/id.rb:220:in `call'
  actionpack (4.1.0) lib/action_dispatch/middleware/cookies.rb:560:in `call'
  activerecord (4.1.0) lib/active_record/query_cache.rb:36:in `call'
  activerecord (4.1.0) lib/active_record/connection_adapters/abstract/connection_pool.rb:621:in `call'
  activerecord (4.1.0) lib/active_record/migration.rb:380:in `call'
  actionpack (4.1.0) lib/action_dispatch/middleware/callbacks.rb:29:in `block in call'
  activesupport (4.1.0) lib/active_support/callbacks.rb:82:in `run_callbacks'
  actionpack (4.1.0) lib/action_dispatch/middleware/callbacks.rb:27:in `call'
  actionpack (4.1.0) lib/action_dispatch/middleware/reloader.rb:73:in `call'
  actionpack (4.1.0) lib/action_dispatch/middleware/remote_ip.rb:76:in `call'
  actionpack (4.1.0) lib/action_dispatch/middleware/debug_exceptions.rb:17:in `call'
  actionpack (4.1.0) lib/action_dispatch/middleware/show_exceptions.rb:30:in `call'
  railties (4.1.0) lib/rails/rack/logger.rb:38:in `call_app'
  railties (4.1.0) lib/rails/rack/logger.rb:20:in `block in call'
  activesupport (4.1.0) lib/active_support/tagged_logging.rb:68:in `block in tagged'
  activesupport (4.1.0) lib/active_support/tagged_logging.rb:26:in `tagged'
  activesupport (4.1.0) lib/active_support/tagged_logging.rb:68:in `tagged'
  railties (4.1.0) lib/rails/rack/logger.rb:20:in `call'
  actionpack (4.1.0) lib/action_dispatch/middleware/request_id.rb:21:in `call'
  rack (1.5.2) lib/rack/methodoverride.rb:21:in `call'
  rack (1.5.2) lib/rack/runtime.rb:17:in `call'
  activesupport (4.1.0) lib/active_support/cache/strategy/local_cache_middleware.rb:26:in `call'
  rack (1.5.2) lib/rack/lock.rb:17:in `call'
  actionpack (4.1.0) lib/action_dispatch/middleware/static.rb:64:in `call'
  rack (1.5.2) lib/rack/sendfile.rb:112:in `call'
  railties (4.1.0) lib/rails/engine.rb:514:in `call'
  railties (4.1.0) lib/rails/application.rb:144:in `call'
  rack (1.5.2) lib/rack/lock.rb:17:in `call'
  rack (1.5.2) lib/rack/content_length.rb:14:in `call'
  rack (1.5.2) lib/rack/handler/webrick.rb:60:in `service'
  /Users/danielcrews/.rvm/rubies/ruby-2.1.1/lib/ruby/2.1.0/webrick/httpserver.rb:138:in `service'
  /Users/danielcrews/.rvm/rubies/ruby-2.1.1/lib/ruby/2.1.0/webrick/httpserver.rb:94:in `run'
  /Users/danielcrews/.rvm/rubies/ruby-2.1.1/lib/ruby/2.1.0/webrick/server.rb:295:in `block in start_thread'


  Rendered /Users/danielcrews/.rvm/gems/ruby-2.1.1/gems/actionpack-4.1.0/lib/action_dispatch/middleware/templates/rescues/unknown_action.html.erb within rescues/layout (0.7ms)


Started GET "/users" for 127.0.0.1 at 2014-05-12 16:50:48 -0400

AbstractController::ActionNotFound (The action 'index' could not be found for UsersController):
  actionpack (4.1.0) lib/abstract_controller/base.rb:131:in `process'
  actionview (4.1.0) lib/action_view/rendering.rb:30:in `process'
  actionpack (4.1.0) lib/action_controller/metal.rb:195:in `dispatch'
  actionpack (4.1.0) lib/action_controller/metal/rack_delegation.rb:13:in `dispatch'
  actionpack (4.1.0) lib/action_controller/metal.rb:231:in `block in action'
  actionpack (4.1.0) lib/action_dispatch/routing/route_set.rb:80:in `call'
  actionpack (4.1.0) lib/action_dispatch/routing/route_set.rb:80:in `dispatch'
  actionpack (4.1.0) lib/action_dispatch/routing/route_set.rb:48:in `call'
  actionpack (4.1.0) lib/action_dispatch/journey/router.rb:71:in `block in call'
  actionpack (4.1.0) lib/action_dispatch/journey/router.rb:59:in `each'
  actionpack (4.1.0) lib/action_dispatch/journey/router.rb:59:in `call'
  actionpack (4.1.0) lib/action_dispatch/routing/route_set.rb:676:in `call'
  rack (1.5.2) lib/rack/etag.rb:23:in `call'
  rack (1.5.2) lib/rack/conditionalget.rb:25:in `call'
  rack (1.5.2) lib/rack/head.rb:11:in `call'
  actionpack (4.1.0) lib/action_dispatch/middleware/params_parser.rb:27:in `call'
  actionpack (4.1.0) lib/action_dispatch/middleware/flash.rb:254:in `call'
  rack (1.5.2) lib/rack/session/abstract/id.rb:225:in `context'
  rack (1.5.2) lib/rack/session/abstract/id.rb:220:in `call'
  actionpack (4.1.0) lib/action_dispatch/middleware/cookies.rb:560:in `call'
  activerecord (4.1.0) lib/active_record/query_cache.rb:36:in `call'
  activerecord (4.1.0) lib/active_record/connection_adapters/abstract/connection_pool.rb:621:in `call'
  activerecord (4.1.0) lib/active_record/migration.rb:380:in `call'
  actionpack (4.1.0) lib/action_dispatch/middleware/callbacks.rb:29:in `block in call'
  activesupport (4.1.0) lib/active_support/callbacks.rb:82:in `run_callbacks'
  actionpack (4.1.0) lib/action_dispatch/middleware/callbacks.rb:27:in `call'
  actionpack (4.1.0) lib/action_dispatch/middleware/reloader.rb:73:in `call'
  actionpack (4.1.0) lib/action_dispatch/middleware/remote_ip.rb:76:in `call'
  actionpack (4.1.0) lib/action_dispatch/middleware/debug_exceptions.rb:17:in `call'
  actionpack (4.1.0) lib/action_dispatch/middleware/show_exceptions.rb:30:in `call'
  railties (4.1.0) lib/rails/rack/logger.rb:38:in `call_app'
  railties (4.1.0) lib/rails/rack/logger.rb:20:in `block in call'
  activesupport (4.1.0) lib/active_support/tagged_logging.rb:68:in `block in tagged'
  activesupport (4.1.0) lib/active_support/tagged_logging.rb:26:in `tagged'
  activesupport (4.1.0) lib/active_support/tagged_logging.rb:68:in `tagged'
  railties (4.1.0) lib/rails/rack/logger.rb:20:in `call'
  actionpack (4.1.0) lib/action_dispatch/middleware/request_id.rb:21:in `call'
  rack (1.5.2) lib/rack/methodoverride.rb:21:in `call'
  rack (1.5.2) lib/rack/runtime.rb:17:in `call'
  activesupport (4.1.0) lib/active_support/cache/strategy/local_cache_middleware.rb:26:in `call'
  rack (1.5.2) lib/rack/lock.rb:17:in `call'
  actionpack (4.1.0) lib/action_dispatch/middleware/static.rb:64:in `call'
  rack (1.5.2) lib/rack/sendfile.rb:112:in `call'
  railties (4.1.0) lib/rails/engine.rb:514:in `call'
  railties (4.1.0) lib/rails/application.rb:144:in `call'
  rack (1.5.2) lib/rack/lock.rb:17:in `call'
  rack (1.5.2) lib/rack/content_length.rb:14:in `call'
  rack (1.5.2) lib/rack/handler/webrick.rb:60:in `service'
  /Users/danielcrews/.rvm/rubies/ruby-2.1.1/lib/ruby/2.1.0/webrick/httpserver.rb:138:in `service'
  /Users/danielcrews/.rvm/rubies/ruby-2.1.1/lib/ruby/2.1.0/webrick/httpserver.rb:94:in `run'
  /Users/danielcrews/.rvm/rubies/ruby-2.1.1/lib/ruby/2.1.0/webrick/server.rb:295:in `block in start_thread'


  Rendered /Users/danielcrews/.rvm/gems/ruby-2.1.1/gems/actionpack-4.1.0/lib/action_dispatch/middleware/templates/rescues/unknown_action.html.erb within rescues/layout (0.8ms)


Started GET "/users" for 127.0.0.1 at 2014-05-12 16:51:24 -0400

AbstractController::ActionNotFound (The action 'index' could not be found for UsersController):
  actionpack (4.1.0) lib/abstract_controller/base.rb:131:in `process'
  actionview (4.1.0) lib/action_view/rendering.rb:30:in `process'
  actionpack (4.1.0) lib/action_controller/metal.rb:195:in `dispatch'
  actionpack (4.1.0) lib/action_controller/metal/rack_delegation.rb:13:in `dispatch'
  actionpack (4.1.0) lib/action_controller/metal.rb:231:in `block in action'
  actionpack (4.1.0) lib/action_dispatch/routing/route_set.rb:80:in `call'
  actionpack (4.1.0) lib/action_dispatch/routing/route_set.rb:80:in `dispatch'
  actionpack (4.1.0) lib/action_dispatch/routing/route_set.rb:48:in `call'
  actionpack (4.1.0) lib/action_dispatch/journey/router.rb:71:in `block in call'
  actionpack (4.1.0) lib/action_dispatch/journey/router.rb:59:in `each'
  actionpack (4.1.0) lib/action_dispatch/journey/router.rb:59:in `call'
  actionpack (4.1.0) lib/action_dispatch/routing/route_set.rb:676:in `call'
  rack (1.5.2) lib/rack/etag.rb:23:in `call'
  rack (1.5.2) lib/rack/conditionalget.rb:25:in `call'
  rack (1.5.2) lib/rack/head.rb:11:in `call'
  actionpack (4.1.0) lib/action_dispatch/middleware/params_parser.rb:27:in `call'
  actionpack (4.1.0) lib/action_dispatch/middleware/flash.rb:254:in `call'
  rack (1.5.2) lib/rack/session/abstract/id.rb:225:in `context'
  rack (1.5.2) lib/rack/session/abstract/id.rb:220:in `call'
  actionpack (4.1.0) lib/action_dispatch/middleware/cookies.rb:560:in `call'
  activerecord (4.1.0) lib/active_record/query_cache.rb:36:in `call'
  activerecord (4.1.0) lib/active_record/connection_adapters/abstract/connection_pool.rb:621:in `call'
  activerecord (4.1.0) lib/active_record/migration.rb:380:in `call'
  actionpack (4.1.0) lib/action_dispatch/middleware/callbacks.rb:29:in `block in call'
  activesupport (4.1.0) lib/active_support/callbacks.rb:82:in `run_callbacks'
  actionpack (4.1.0) lib/action_dispatch/middleware/callbacks.rb:27:in `call'
  actionpack (4.1.0) lib/action_dispatch/middleware/reloader.rb:73:in `call'
  actionpack (4.1.0) lib/action_dispatch/middleware/remote_ip.rb:76:in `call'
  actionpack (4.1.0) lib/action_dispatch/middleware/debug_exceptions.rb:17:in `call'
  actionpack (4.1.0) lib/action_dispatch/middleware/show_exceptions.rb:30:in `call'
  railties (4.1.0) lib/rails/rack/logger.rb:38:in `call_app'
  railties (4.1.0) lib/rails/rack/logger.rb:20:in `block in call'
  activesupport (4.1.0) lib/active_support/tagged_logging.rb:68:in `block in tagged'
  activesupport (4.1.0) lib/active_support/tagged_logging.rb:26:in `tagged'
  activesupport (4.1.0) lib/active_support/tagged_logging.rb:68:in `tagged'
  railties (4.1.0) lib/rails/rack/logger.rb:20:in `call'
  actionpack (4.1.0) lib/action_dispatch/middleware/request_id.rb:21:in `call'
  rack (1.5.2) lib/rack/methodoverride.rb:21:in `call'
  rack (1.5.2) lib/rack/runtime.rb:17:in `call'
  activesupport (4.1.0) lib/active_support/cache/strategy/local_cache_middleware.rb:26:in `call'
  rack (1.5.2) lib/rack/lock.rb:17:in `call'
  actionpack (4.1.0) lib/action_dispatch/middleware/static.rb:64:in `call'
  rack (1.5.2) lib/rack/sendfile.rb:112:in `call'
  railties (4.1.0) lib/rails/engine.rb:514:in `call'
  railties (4.1.0) lib/rails/application.rb:144:in `call'
  rack (1.5.2) lib/rack/lock.rb:17:in `call'
  rack (1.5.2) lib/rack/content_length.rb:14:in `call'
  rack (1.5.2) lib/rack/handler/webrick.rb:60:in `service'
  /Users/danielcrews/.rvm/rubies/ruby-2.1.1/lib/ruby/2.1.0/webrick/httpserver.rb:138:in `service'
  /Users/danielcrews/.rvm/rubies/ruby-2.1.1/lib/ruby/2.1.0/webrick/httpserver.rb:94:in `run'
  /Users/danielcrews/.rvm/rubies/ruby-2.1.1/lib/ruby/2.1.0/webrick/server.rb:295:in `block in start_thread'


  Rendered /Users/danielcrews/.rvm/gems/ruby-2.1.1/gems/actionpack-4.1.0/lib/action_dispatch/middleware/templates/rescues/unknown_action.html.erb within rescues/layout (0.4ms)


Started GET "/" for 127.0.0.1 at 2014-05-12 16:51:48 -0400
Processing by EventsController#index as HTML
  [1m[35mEvent Load (0.6ms)[0m  SELECT "events".* FROM "events"  WHERE (starts_at >= '2014-05-12 20:51:48.323950')  ORDER BY "events"."starts_at" ASC
  [1m[36m (0.1ms)[0m  [1mSELECT COUNT(*) FROM "registrations"  WHERE "registrations"."event_id" = ?[0m  [["event_id", 1]]
  [1m[35m (0.1ms)[0m  SELECT COUNT(*) FROM "registrations"  WHERE "registrations"."event_id" = ?  [["event_id", 2]]
  [1m[36m (0.1ms)[0m  [1mSELECT COUNT(*) FROM "registrations"  WHERE "registrations"."event_id" = ?[0m  [["event_id", 3]]
  [1m[35m (0.1ms)[0m  SELECT COUNT(*) FROM "registrations"  WHERE "registrations"."event_id" = ?  [["event_id", 4]]
  [1m[36m (0.1ms)[0m  [1mSELECT COUNT(*) FROM "registrations"  WHERE "registrations"."event_id" = ?[0m  [["event_id", 5]]
  [1m[35m (0.1ms)[0m  SELECT COUNT(*) FROM "registrations"  WHERE "registrations"."event_id" = ?  [["event_id", 6]]
  [1m[36m (0.1ms)[0m  [1mSELECT COUNT(*) FROM "registrations"  WHERE "registrations"."event_id" = ?[0m  [["event_id", 7]]
  Rendered events/index.html.erb within layouts/application (14.0ms)
  Rendered layouts/_header.html.erb (0.2ms)
  Rendered layouts/_flashes.html.erb (0.1ms)
  Rendered layouts/_sidebar.html.erb (0.4ms)
  Rendered layouts/_footer.html.erb (0.1ms)
Completed 200 OK in 28ms (Views: 25.6ms | ActiveRecord: 1.1ms)


Started GET "/assets/application.css?body=1" for 127.0.0.1 at 2014-05-12 16:51:48 -0400


Started GET "/assets/elements.css?body=1" for 127.0.0.1 at 2014-05-12 16:51:48 -0400


Started GET "/assets/buttons.css?body=1" for 127.0.0.1 at 2014-05-12 16:51:48 -0400


Started GET "/assets/normalize.css?body=1" for 127.0.0.1 at 2014-05-12 16:51:48 -0400


Started GET "/assets/events.css?body=1" for 127.0.0.1 at 2014-05-12 16:51:48 -0400


Started GET "/assets/layout.css?body=1" for 127.0.0.1 at 2014-05-12 16:51:48 -0400


Started GET "/assets/forms.css?body=1" for 127.0.0.1 at 2014-05-12 16:51:48 -0400


Started GET "/assets/jquery.js?body=1" for 127.0.0.1 at 2014-05-12 16:51:48 -0400


Started GET "/assets/jquery_ujs.js?body=1" for 127.0.0.1 at 2014-05-12 16:51:48 -0400


Started GET "/assets/turbolinks.js?body=1" for 127.0.0.1 at 2014-05-12 16:51:48 -0400


Started GET "/assets/events.js?body=1" for 127.0.0.1 at 2014-05-12 16:51:48 -0400


Started GET "/assets/users.js?body=1" for 127.0.0.1 at 2014-05-12 16:51:48 -0400


Started GET "/assets/registrations.js?body=1" for 127.0.0.1 at 2014-05-12 16:51:48 -0400


Started GET "/assets/application.js?body=1" for 127.0.0.1 at 2014-05-12 16:51:48 -0400


Started GET "/assets/bugsmash.png" for 127.0.0.1 at 2014-05-12 16:51:48 -0400


Started GET "/assets/coffeecode.png" for 127.0.0.1 at 2014-05-12 16:51:48 -0400


Started GET "/assets/hackathon.png" for 127.0.0.1 at 2014-05-12 16:51:48 -0400


Started GET "/assets/katacamp.png" for 127.0.0.1 at 2014-05-12 16:51:48 -0400


Started GET "/assets/cocoacookoff.png" for 127.0.0.1 at 2014-05-12 16:51:48 -0400


Started GET "/assets/moviemarathon.png" for 127.0.0.1 at 2014-05-12 16:51:48 -0400


Started GET "/assets/karaoke.png" for 127.0.0.1 at 2014-05-12 16:51:48 -0400


Started GET "/assets/background.jpg" for 127.0.0.1 at 2014-05-12 16:51:48 -0400


Started GET "/assets/arrow.png" for 127.0.0.1 at 2014-05-12 16:51:48 -0400


Started GET "/assets/add.png" for 127.0.0.1 at 2014-05-12 16:51:48 -0400


Started GET "/assets/logo.png" for 127.0.0.1 at 2014-05-12 16:51:48 -0400


Started GET "/users" for 127.0.0.1 at 2014-05-12 16:51:57 -0400

AbstractController::ActionNotFound (The action 'index' could not be found for UsersController):
  actionpack (4.1.0) lib/abstract_controller/base.rb:131:in `process'
  actionview (4.1.0) lib/action_view/rendering.rb:30:in `process'
  actionpack (4.1.0) lib/action_controller/metal.rb:195:in `dispatch'
  actionpack (4.1.0) lib/action_controller/metal/rack_delegation.rb:13:in `dispatch'
  actionpack (4.1.0) lib/action_controller/metal.rb:231:in `block in action'
  actionpack (4.1.0) lib/action_dispatch/routing/route_set.rb:80:in `call'
  actionpack (4.1.0) lib/action_dispatch/routing/route_set.rb:80:in `dispatch'
  actionpack (4.1.0) lib/action_dispatch/routing/route_set.rb:48:in `call'
  actionpack (4.1.0) lib/action_dispatch/journey/router.rb:71:in `block in call'
  actionpack (4.1.0) lib/action_dispatch/journey/router.rb:59:in `each'
  actionpack (4.1.0) lib/action_dispatch/journey/router.rb:59:in `call'
  actionpack (4.1.0) lib/action_dispatch/routing/route_set.rb:676:in `call'
  rack (1.5.2) lib/rack/etag.rb:23:in `call'
  rack (1.5.2) lib/rack/conditionalget.rb:25:in `call'
  rack (1.5.2) lib/rack/head.rb:11:in `call'
  actionpack (4.1.0) lib/action_dispatch/middleware/params_parser.rb:27:in `call'
  actionpack (4.1.0) lib/action_dispatch/middleware/flash.rb:254:in `call'
  rack (1.5.2) lib/rack/session/abstract/id.rb:225:in `context'
  rack (1.5.2) lib/rack/session/abstract/id.rb:220:in `call'
  actionpack (4.1.0) lib/action_dispatch/middleware/cookies.rb:560:in `call'
  activerecord (4.1.0) lib/active_record/query_cache.rb:36:in `call'
  activerecord (4.1.0) lib/active_record/connection_adapters/abstract/connection_pool.rb:621:in `call'
  activerecord (4.1.0) lib/active_record/migration.rb:380:in `call'
  actionpack (4.1.0) lib/action_dispatch/middleware/callbacks.rb:29:in `block in call'
  activesupport (4.1.0) lib/active_support/callbacks.rb:82:in `run_callbacks'
  actionpack (4.1.0) lib/action_dispatch/middleware/callbacks.rb:27:in `call'
  actionpack (4.1.0) lib/action_dispatch/middleware/reloader.rb:73:in `call'
  actionpack (4.1.0) lib/action_dispatch/middleware/remote_ip.rb:76:in `call'
  actionpack (4.1.0) lib/action_dispatch/middleware/debug_exceptions.rb:17:in `call'
  actionpack (4.1.0) lib/action_dispatch/middleware/show_exceptions.rb:30:in `call'
  railties (4.1.0) lib/rails/rack/logger.rb:38:in `call_app'
  railties (4.1.0) lib/rails/rack/logger.rb:20:in `block in call'
  activesupport (4.1.0) lib/active_support/tagged_logging.rb:68:in `block in tagged'
  activesupport (4.1.0) lib/active_support/tagged_logging.rb:26:in `tagged'
  activesupport (4.1.0) lib/active_support/tagged_logging.rb:68:in `tagged'
  railties (4.1.0) lib/rails/rack/logger.rb:20:in `call'
  actionpack (4.1.0) lib/action_dispatch/middleware/request_id.rb:21:in `call'
  rack (1.5.2) lib/rack/methodoverride.rb:21:in `call'
  rack (1.5.2) lib/rack/runtime.rb:17:in `call'
  activesupport (4.1.0) lib/active_support/cache/strategy/local_cache_middleware.rb:26:in `call'
  rack (1.5.2) lib/rack/lock.rb:17:in `call'
  actionpack (4.1.0) lib/action_dispatch/middleware/static.rb:64:in `call'
  rack (1.5.2) lib/rack/sendfile.rb:112:in `call'
  railties (4.1.0) lib/rails/engine.rb:514:in `call'
  railties (4.1.0) lib/rails/application.rb:144:in `call'
  rack (1.5.2) lib/rack/lock.rb:17:in `call'
  rack (1.5.2) lib/rack/content_length.rb:14:in `call'
  rack (1.5.2) lib/rack/handler/webrick.rb:60:in `service'
  /Users/danielcrews/.rvm/rubies/ruby-2.1.1/lib/ruby/2.1.0/webrick/httpserver.rb:138:in `service'
  /Users/danielcrews/.rvm/rubies/ruby-2.1.1/lib/ruby/2.1.0/webrick/httpserver.rb:94:in `run'
  /Users/danielcrews/.rvm/rubies/ruby-2.1.1/lib/ruby/2.1.0/webrick/server.rb:295:in `block in start_thread'


  Rendered /Users/danielcrews/.rvm/gems/ruby-2.1.1/gems/actionpack-4.1.0/lib/action_dispatch/middleware/templates/rescues/unknown_action.html.erb within rescues/layout (0.9ms)


Started GET "/users" for 127.0.0.1 at 2014-05-12 16:56:10 -0400
Processing by UsersController#index as HTML
  Rendered users/index.html.erb within layouts/application (1.5ms)
Completed 500 Internal Server Error in 25ms

ActionView::Template::Error (undefined method `size' for nil:NilClass):
    1: <header id="content-header">
    2:   <h1><%= pluralize(@users.size, 'User') %></h1>
    3: </header>
    4: <ul id="users">
    5:   <% @users.each do |user| %>
  app/views/users/index.html.erb:2:in `_app_views_users_index_html_erb__1693546588282852876_2186662000'


  Rendered /Users/danielcrews/.rvm/gems/ruby-2.1.1/gems/actionpack-4.1.0/lib/action_dispatch/middleware/templates/rescues/_trace.html.erb (1.4ms)
  Rendered /Users/danielcrews/.rvm/gems/ruby-2.1.1/gems/actionpack-4.1.0/lib/action_dispatch/middleware/templates/rescues/_request_and_response.html.erb (1.3ms)
  Rendered /Users/danielcrews/.rvm/gems/ruby-2.1.1/gems/actionpack-4.1.0/lib/action_dispatch/middleware/templates/rescues/template_error.html.erb within rescues/layout (18.1ms)


Started GET "/users" for 127.0.0.1 at 2014-05-12 16:56:48 -0400
Processing by UsersController#index as HTML
Completed 500 Internal Server Error in 2ms

NameError (uninitialized constant UsersController::Users):
  app/controllers/users_controller.rb:4:in `index'


  Rendered /Users/danielcrews/.rvm/gems/ruby-2.1.1/gems/actionpack-4.1.0/lib/action_dispatch/middleware/templates/rescues/_source.erb (0.9ms)
  Rendered /Users/danielcrews/.rvm/gems/ruby-2.1.1/gems/actionpack-4.1.0/lib/action_dispatch/middleware/templates/rescues/_trace.html.erb (1.1ms)
  Rendered /Users/danielcrews/.rvm/gems/ruby-2.1.1/gems/actionpack-4.1.0/lib/action_dispatch/middleware/templates/rescues/_request_and_response.html.erb (0.8ms)
  Rendered /Users/danielcrews/.rvm/gems/ruby-2.1.1/gems/actionpack-4.1.0/lib/action_dispatch/middleware/templates/rescues/diagnostics.erb within rescues/layout (20.7ms)


Started GET "/users" for 127.0.0.1 at 2014-05-12 16:57:14 -0400
Processing by UsersController#index as HTML
Completed 500 Internal Server Error in 2ms

NameError (uninitialized constant UsersController::Users):
  app/controllers/users_controller.rb:4:in `index'


  Rendered /Users/danielcrews/.rvm/gems/ruby-2.1.1/gems/actionpack-4.1.0/lib/action_dispatch/middleware/templates/rescues/_source.erb (0.6ms)
  Rendered /Users/danielcrews/.rvm/gems/ruby-2.1.1/gems/actionpack-4.1.0/lib/action_dispatch/middleware/templates/rescues/_trace.html.erb (1.2ms)
  Rendered /Users/danielcrews/.rvm/gems/ruby-2.1.1/gems/actionpack-4.1.0/lib/action_dispatch/middleware/templates/rescues/_request_and_response.html.erb (1.4ms)
  Rendered /Users/danielcrews/.rvm/gems/ruby-2.1.1/gems/actionpack-4.1.0/lib/action_dispatch/middleware/templates/rescues/diagnostics.erb within rescues/layout (16.4ms)


Started GET "/users" for 127.0.0.1 at 2014-05-12 16:59:16 -0400
Processing by UsersController#index as HTML
  [1m[35m (7.7ms)[0m  SELECT COUNT(*) FROM "users"
  [1m[36mUser Load (0.3ms)[0m  [1mSELECT "users".* FROM "users"[0m
  Rendered users/index.html.erb within layouts/application (17.7ms)
  Rendered layouts/_header.html.erb (0.2ms)
  Rendered layouts/_flashes.html.erb (0.1ms)
  Rendered layouts/_sidebar.html.erb (0.2ms)
  Rendered layouts/_footer.html.erb (0.1ms)
Completed 200 OK in 31ms (Views: 19.2ms | ActiveRecord: 8.5ms)


Started GET "/assets/application.css?body=1" for 127.0.0.1 at 2014-05-12 16:59:16 -0400


Started GET "/assets/buttons.css?body=1" for 127.0.0.1 at 2014-05-12 16:59:16 -0400


Started GET "/assets/layout.css?body=1" for 127.0.0.1 at 2014-05-12 16:59:16 -0400


Started GET "/assets/events.css?body=1" for 127.0.0.1 at 2014-05-12 16:59:16 -0400


Started GET "/assets/normalize.css?body=1" for 127.0.0.1 at 2014-05-12 16:59:16 -0400


Started GET "/assets/elements.css?body=1" for 127.0.0.1 at 2014-05-12 16:59:16 -0400


Started GET "/assets/forms.css?body=1" for 127.0.0.1 at 2014-05-12 16:59:16 -0400


Started GET "/assets/jquery.js?body=1" for 127.0.0.1 at 2014-05-12 16:59:16 -0400


Started GET "/assets/jquery_ujs.js?body=1" for 127.0.0.1 at 2014-05-12 16:59:16 -0400


Started GET "/assets/turbolinks.js?body=1" for 127.0.0.1 at 2014-05-12 16:59:16 -0400


Started GET "/assets/events.js?body=1" for 127.0.0.1 at 2014-05-12 16:59:16 -0400


Started GET "/assets/registrations.js?body=1" for 127.0.0.1 at 2014-05-12 16:59:16 -0400


Started GET "/assets/users.js?body=1" for 127.0.0.1 at 2014-05-12 16:59:16 -0400


Started GET "/assets/application.js?body=1" for 127.0.0.1 at 2014-05-12 16:59:16 -0400


Started GET "/users/1" for 127.0.0.1 at 2014-05-12 16:59:21 -0400

AbstractController::ActionNotFound (The action 'show' could not be found for UsersController):
  actionpack (4.1.0) lib/abstract_controller/base.rb:131:in `process'
  actionview (4.1.0) lib/action_view/rendering.rb:30:in `process'
  actionpack (4.1.0) lib/action_controller/metal.rb:195:in `dispatch'
  actionpack (4.1.0) lib/action_controller/metal/rack_delegation.rb:13:in `dispatch'
  actionpack (4.1.0) lib/action_controller/metal.rb:231:in `block in action'
  actionpack (4.1.0) lib/action_dispatch/routing/route_set.rb:80:in `call'
  actionpack (4.1.0) lib/action_dispatch/routing/route_set.rb:80:in `dispatch'
  actionpack (4.1.0) lib/action_dispatch/routing/route_set.rb:48:in `call'
  actionpack (4.1.0) lib/action_dispatch/journey/router.rb:71:in `block in call'
  actionpack (4.1.0) lib/action_dispatch/journey/router.rb:59:in `each'
  actionpack (4.1.0) lib/action_dispatch/journey/router.rb:59:in `call'
  actionpack (4.1.0) lib/action_dispatch/routing/route_set.rb:676:in `call'
  rack (1.5.2) lib/rack/etag.rb:23:in `call'
  rack (1.5.2) lib/rack/conditionalget.rb:25:in `call'
  rack (1.5.2) lib/rack/head.rb:11:in `call'
  actionpack (4.1.0) lib/action_dispatch/middleware/params_parser.rb:27:in `call'
  actionpack (4.1.0) lib/action_dispatch/middleware/flash.rb:254:in `call'
  rack (1.5.2) lib/rack/session/abstract/id.rb:225:in `context'
  rack (1.5.2) lib/rack/session/abstract/id.rb:220:in `call'
  actionpack (4.1.0) lib/action_dispatch/middleware/cookies.rb:560:in `call'
  activerecord (4.1.0) lib/active_record/query_cache.rb:36:in `call'
  activerecord (4.1.0) lib/active_record/connection_adapters/abstract/connection_pool.rb:621:in `call'
  activerecord (4.1.0) lib/active_record/migration.rb:380:in `call'
  actionpack (4.1.0) lib/action_dispatch/middleware/callbacks.rb:29:in `block in call'
  activesupport (4.1.0) lib/active_support/callbacks.rb:82:in `run_callbacks'
  actionpack (4.1.0) lib/action_dispatch/middleware/callbacks.rb:27:in `call'
  actionpack (4.1.0) lib/action_dispatch/middleware/reloader.rb:73:in `call'
  actionpack (4.1.0) lib/action_dispatch/middleware/remote_ip.rb:76:in `call'
  actionpack (4.1.0) lib/action_dispatch/middleware/debug_exceptions.rb:17:in `call'
  actionpack (4.1.0) lib/action_dispatch/middleware/show_exceptions.rb:30:in `call'
  railties (4.1.0) lib/rails/rack/logger.rb:38:in `call_app'
  railties (4.1.0) lib/rails/rack/logger.rb:20:in `block in call'
  activesupport (4.1.0) lib/active_support/tagged_logging.rb:68:in `block in tagged'
  activesupport (4.1.0) lib/active_support/tagged_logging.rb:26:in `tagged'
  activesupport (4.1.0) lib/active_support/tagged_logging.rb:68:in `tagged'
  railties (4.1.0) lib/rails/rack/logger.rb:20:in `call'
  actionpack (4.1.0) lib/action_dispatch/middleware/request_id.rb:21:in `call'
  rack (1.5.2) lib/rack/methodoverride.rb:21:in `call'
  rack (1.5.2) lib/rack/runtime.rb:17:in `call'
  activesupport (4.1.0) lib/active_support/cache/strategy/local_cache_middleware.rb:26:in `call'
  rack (1.5.2) lib/rack/lock.rb:17:in `call'
  actionpack (4.1.0) lib/action_dispatch/middleware/static.rb:64:in `call'
  rack (1.5.2) lib/rack/sendfile.rb:112:in `call'
  railties (4.1.0) lib/rails/engine.rb:514:in `call'
  railties (4.1.0) lib/rails/application.rb:144:in `call'
  rack (1.5.2) lib/rack/lock.rb:17:in `call'
  rack (1.5.2) lib/rack/content_length.rb:14:in `call'
  rack (1.5.2) lib/rack/handler/webrick.rb:60:in `service'
  /Users/danielcrews/.rvm/rubies/ruby-2.1.1/lib/ruby/2.1.0/webrick/httpserver.rb:138:in `service'
  /Users/danielcrews/.rvm/rubies/ruby-2.1.1/lib/ruby/2.1.0/webrick/httpserver.rb:94:in `run'
  /Users/danielcrews/.rvm/rubies/ruby-2.1.1/lib/ruby/2.1.0/webrick/server.rb:295:in `block in start_thread'


  Rendered /Users/danielcrews/.rvm/gems/ruby-2.1.1/gems/actionpack-4.1.0/lib/action_dispatch/middleware/templates/rescues/unknown_action.html.erb within rescues/layout (0.5ms)


Started GET "/users/1" for 127.0.0.1 at 2014-05-12 16:59:21 -0400

AbstractController::ActionNotFound (The action 'show' could not be found for UsersController):
  actionpack (4.1.0) lib/abstract_controller/base.rb:131:in `process'
  actionview (4.1.0) lib/action_view/rendering.rb:30:in `process'
  actionpack (4.1.0) lib/action_controller/metal.rb:195:in `dispatch'
  actionpack (4.1.0) lib/action_controller/metal/rack_delegation.rb:13:in `dispatch'
  actionpack (4.1.0) lib/action_controller/metal.rb:231:in `block in action'
  actionpack (4.1.0) lib/action_dispatch/routing/route_set.rb:80:in `call'
  actionpack (4.1.0) lib/action_dispatch/routing/route_set.rb:80:in `dispatch'
  actionpack (4.1.0) lib/action_dispatch/routing/route_set.rb:48:in `call'
  actionpack (4.1.0) lib/action_dispatch/journey/router.rb:71:in `block in call'
  actionpack (4.1.0) lib/action_dispatch/journey/router.rb:59:in `each'
  actionpack (4.1.0) lib/action_dispatch/journey/router.rb:59:in `call'
  actionpack (4.1.0) lib/action_dispatch/routing/route_set.rb:676:in `call'
  rack (1.5.2) lib/rack/etag.rb:23:in `call'
  rack (1.5.2) lib/rack/conditionalget.rb:25:in `call'
  rack (1.5.2) lib/rack/head.rb:11:in `call'
  actionpack (4.1.0) lib/action_dispatch/middleware/params_parser.rb:27:in `call'
  actionpack (4.1.0) lib/action_dispatch/middleware/flash.rb:254:in `call'
  rack (1.5.2) lib/rack/session/abstract/id.rb:225:in `context'
  rack (1.5.2) lib/rack/session/abstract/id.rb:220:in `call'
  actionpack (4.1.0) lib/action_dispatch/middleware/cookies.rb:560:in `call'
  activerecord (4.1.0) lib/active_record/query_cache.rb:36:in `call'
  activerecord (4.1.0) lib/active_record/connection_adapters/abstract/connection_pool.rb:621:in `call'
  activerecord (4.1.0) lib/active_record/migration.rb:380:in `call'
  actionpack (4.1.0) lib/action_dispatch/middleware/callbacks.rb:29:in `block in call'
  activesupport (4.1.0) lib/active_support/callbacks.rb:82:in `run_callbacks'
  actionpack (4.1.0) lib/action_dispatch/middleware/callbacks.rb:27:in `call'
  actionpack (4.1.0) lib/action_dispatch/middleware/reloader.rb:73:in `call'
  actionpack (4.1.0) lib/action_dispatch/middleware/remote_ip.rb:76:in `call'
  actionpack (4.1.0) lib/action_dispatch/middleware/debug_exceptions.rb:17:in `call'
  actionpack (4.1.0) lib/action_dispatch/middleware/show_exceptions.rb:30:in `call'
  railties (4.1.0) lib/rails/rack/logger.rb:38:in `call_app'
  railties (4.1.0) lib/rails/rack/logger.rb:20:in `block in call'
  activesupport (4.1.0) lib/active_support/tagged_logging.rb:68:in `block in tagged'
  activesupport (4.1.0) lib/active_support/tagged_logging.rb:26:in `tagged'
  activesupport (4.1.0) lib/active_support/tagged_logging.rb:68:in `tagged'
  railties (4.1.0) lib/rails/rack/logger.rb:20:in `call'
  actionpack (4.1.0) lib/action_dispatch/middleware/request_id.rb:21:in `call'
  rack (1.5.2) lib/rack/methodoverride.rb:21:in `call'
  rack (1.5.2) lib/rack/runtime.rb:17:in `call'
  activesupport (4.1.0) lib/active_support/cache/strategy/local_cache_middleware.rb:26:in `call'
  rack (1.5.2) lib/rack/lock.rb:17:in `call'
  actionpack (4.1.0) lib/action_dispatch/middleware/static.rb:64:in `call'
  rack (1.5.2) lib/rack/sendfile.rb:112:in `call'
  railties (4.1.0) lib/rails/engine.rb:514:in `call'
  railties (4.1.0) lib/rails/application.rb:144:in `call'
  rack (1.5.2) lib/rack/lock.rb:17:in `call'
  rack (1.5.2) lib/rack/content_length.rb:14:in `call'
  rack (1.5.2) lib/rack/handler/webrick.rb:60:in `service'
  /Users/danielcrews/.rvm/rubies/ruby-2.1.1/lib/ruby/2.1.0/webrick/httpserver.rb:138:in `service'
  /Users/danielcrews/.rvm/rubies/ruby-2.1.1/lib/ruby/2.1.0/webrick/httpserver.rb:94:in `run'
  /Users/danielcrews/.rvm/rubies/ruby-2.1.1/lib/ruby/2.1.0/webrick/server.rb:295:in `block in start_thread'


  Rendered /Users/danielcrews/.rvm/gems/ruby-2.1.1/gems/actionpack-4.1.0/lib/action_dispatch/middleware/templates/rescues/unknown_action.html.erb within rescues/layout (0.6ms)


Started GET "/users" for 127.0.0.1 at 2014-05-12 17:05:39 -0400
Processing by UsersController#index as HTML
  [1m[35m (0.1ms)[0m  SELECT COUNT(*) FROM "users"
  [1m[36mUser Load (0.1ms)[0m  [1mSELECT "users".* FROM "users"[0m
  Rendered users/index.html.erb within layouts/application (5.7ms)
  Rendered layouts/_header.html.erb (0.2ms)
  Rendered layouts/_flashes.html.erb (0.1ms)
  Rendered layouts/_sidebar.html.erb (0.2ms)
  Rendered layouts/_footer.html.erb (0.0ms)
Completed 200 OK in 18ms (Views: 14.9ms | ActiveRecord: 0.6ms)


Started GET "/assets/application.css?body=1" for 127.0.0.1 at 2014-05-12 17:05:39 -0400


Started GET "/assets/normalize.css?body=1" for 127.0.0.1 at 2014-05-12 17:05:39 -0400


Started GET "/assets/layout.css?body=1" for 127.0.0.1 at 2014-05-12 17:05:39 -0400


Started GET "/assets/elements.css?body=1" for 127.0.0.1 at 2014-05-12 17:05:39 -0400


Started GET "/assets/forms.css?body=1" for 127.0.0.1 at 2014-05-12 17:05:39 -0400


Started GET "/assets/events.css?body=1" for 127.0.0.1 at 2014-05-12 17:05:39 -0400


Started GET "/assets/buttons.css?body=1" for 127.0.0.1 at 2014-05-12 17:05:39 -0400


Started GET "/assets/jquery.js?body=1" for 127.0.0.1 at 2014-05-12 17:05:39 -0400


Started GET "/assets/turbolinks.js?body=1" for 127.0.0.1 at 2014-05-12 17:05:39 -0400


Started GET "/assets/jquery_ujs.js?body=1" for 127.0.0.1 at 2014-05-12 17:05:39 -0400


Started GET "/assets/events.js?body=1" for 127.0.0.1 at 2014-05-12 17:05:39 -0400


Started GET "/assets/application.js?body=1" for 127.0.0.1 at 2014-05-12 17:05:39 -0400


Started GET "/assets/users.js?body=1" for 127.0.0.1 at 2014-05-12 17:05:39 -0400


Started GET "/assets/registrations.js?body=1" for 127.0.0.1 at 2014-05-12 17:05:39 -0400


Started GET "/users/1" for 127.0.0.1 at 2014-05-12 17:05:41 -0400
Processing by UsersController#show as HTML
  Parameters: {"id"=>"1"}
  [1m[35mUser Load (0.2ms)[0m  SELECT  "users".* FROM "users"  WHERE "users"."id" = ? LIMIT 1  [["id", 1]]
  Rendered users/show.html.erb within layouts/application (0.9ms)
  Rendered layouts/_header.html.erb (0.5ms)
  Rendered layouts/_flashes.html.erb (0.4ms)
  Rendered layouts/_sidebar.html.erb (0.6ms)
  Rendered layouts/_footer.html.erb (0.4ms)
Completed 200 OK in 21ms (Views: 18.1ms | ActiveRecord: 0.2ms)


Started GET "/users/2" for 127.0.0.1 at 2014-05-12 17:05:46 -0400
Processing by UsersController#show as HTML
  Parameters: {"id"=>"2"}
  [1m[36mUser Load (0.1ms)[0m  [1mSELECT  "users".* FROM "users"  WHERE "users"."id" = ? LIMIT 1[0m  [["id", 2]]
  Rendered users/show.html.erb within layouts/application (0.1ms)
  Rendered layouts/_header.html.erb (0.2ms)
  Rendered layouts/_flashes.html.erb (0.1ms)
  Rendered layouts/_sidebar.html.erb (0.3ms)
  Rendered layouts/_footer.html.erb (0.1ms)
Completed 200 OK in 18ms (Views: 16.1ms | ActiveRecord: 0.1ms)


Started GET "/users" for 127.0.0.1 at 2014-05-12 17:18:41 -0400
Processing by UsersController#index as HTML
  [1m[35m (0.2ms)[0m  SELECT COUNT(*) FROM "users"
  [1m[36mUser Load (0.2ms)[0m  [1mSELECT "users".* FROM "users"[0m
  Rendered users/index.html.erb within layouts/application (3.0ms)
  Rendered layouts/_header.html.erb (0.7ms)
  Rendered layouts/_flashes.html.erb (0.2ms)
  Rendered layouts/_sidebar.html.erb (0.3ms)
  Rendered layouts/_footer.html.erb (0.1ms)
Completed 200 OK in 26ms (Views: 24.6ms | ActiveRecord: 0.4ms)


Started GET "/assets/normalize.css?body=1" for 127.0.0.1 at 2014-05-12 17:18:41 -0400


Started GET "/assets/layout.css?body=1" for 127.0.0.1 at 2014-05-12 17:18:41 -0400


Started GET "/assets/events.css?body=1" for 127.0.0.1 at 2014-05-12 17:18:41 -0400


Started GET "/assets/forms.css?body=1" for 127.0.0.1 at 2014-05-12 17:18:41 -0400


Started GET "/assets/elements.css?body=1" for 127.0.0.1 at 2014-05-12 17:18:41 -0400


Started GET "/assets/buttons.css?body=1" for 127.0.0.1 at 2014-05-12 17:18:41 -0400


Started GET "/assets/application.css?body=1" for 127.0.0.1 at 2014-05-12 17:18:41 -0400


Started GET "/assets/jquery.js?body=1" for 127.0.0.1 at 2014-05-12 17:18:41 -0400


Started GET "/assets/jquery_ujs.js?body=1" for 127.0.0.1 at 2014-05-12 17:18:41 -0400


Started GET "/assets/turbolinks.js?body=1" for 127.0.0.1 at 2014-05-12 17:18:41 -0400


Started GET "/assets/events.js?body=1" for 127.0.0.1 at 2014-05-12 17:18:41 -0400


Started GET "/assets/registrations.js?body=1" for 127.0.0.1 at 2014-05-12 17:18:41 -0400


Started GET "/assets/users.js?body=1" for 127.0.0.1 at 2014-05-12 17:18:41 -0400


Started GET "/assets/application.js?body=1" for 127.0.0.1 at 2014-05-12 17:18:41 -0400


Started GET "/users/new" for 127.0.0.1 at 2014-05-12 17:18:45 -0400

AbstractController::ActionNotFound (The action 'new' could not be found for UsersController):
  actionpack (4.1.0) lib/abstract_controller/base.rb:131:in `process'
  actionview (4.1.0) lib/action_view/rendering.rb:30:in `process'
  actionpack (4.1.0) lib/action_controller/metal.rb:195:in `dispatch'
  actionpack (4.1.0) lib/action_controller/metal/rack_delegation.rb:13:in `dispatch'
  actionpack (4.1.0) lib/action_controller/metal.rb:231:in `block in action'
  actionpack (4.1.0) lib/action_dispatch/routing/route_set.rb:80:in `call'
  actionpack (4.1.0) lib/action_dispatch/routing/route_set.rb:80:in `dispatch'
  actionpack (4.1.0) lib/action_dispatch/routing/route_set.rb:48:in `call'
  actionpack (4.1.0) lib/action_dispatch/journey/router.rb:71:in `block in call'
  actionpack (4.1.0) lib/action_dispatch/journey/router.rb:59:in `each'
  actionpack (4.1.0) lib/action_dispatch/journey/router.rb:59:in `call'
  actionpack (4.1.0) lib/action_dispatch/routing/route_set.rb:676:in `call'
  rack (1.5.2) lib/rack/etag.rb:23:in `call'
  rack (1.5.2) lib/rack/conditionalget.rb:25:in `call'
  rack (1.5.2) lib/rack/head.rb:11:in `call'
  actionpack (4.1.0) lib/action_dispatch/middleware/params_parser.rb:27:in `call'
  actionpack (4.1.0) lib/action_dispatch/middleware/flash.rb:254:in `call'
  rack (1.5.2) lib/rack/session/abstract/id.rb:225:in `context'
  rack (1.5.2) lib/rack/session/abstract/id.rb:220:in `call'
  actionpack (4.1.0) lib/action_dispatch/middleware/cookies.rb:560:in `call'
  activerecord (4.1.0) lib/active_record/query_cache.rb:36:in `call'
  activerecord (4.1.0) lib/active_record/connection_adapters/abstract/connection_pool.rb:621:in `call'
  activerecord (4.1.0) lib/active_record/migration.rb:380:in `call'
  actionpack (4.1.0) lib/action_dispatch/middleware/callbacks.rb:29:in `block in call'
  activesupport (4.1.0) lib/active_support/callbacks.rb:82:in `run_callbacks'
  actionpack (4.1.0) lib/action_dispatch/middleware/callbacks.rb:27:in `call'
  actionpack (4.1.0) lib/action_dispatch/middleware/reloader.rb:73:in `call'
  actionpack (4.1.0) lib/action_dispatch/middleware/remote_ip.rb:76:in `call'
  actionpack (4.1.0) lib/action_dispatch/middleware/debug_exceptions.rb:17:in `call'
  actionpack (4.1.0) lib/action_dispatch/middleware/show_exceptions.rb:30:in `call'
  railties (4.1.0) lib/rails/rack/logger.rb:38:in `call_app'
  railties (4.1.0) lib/rails/rack/logger.rb:20:in `block in call'
  activesupport (4.1.0) lib/active_support/tagged_logging.rb:68:in `block in tagged'
  activesupport (4.1.0) lib/active_support/tagged_logging.rb:26:in `tagged'
  activesupport (4.1.0) lib/active_support/tagged_logging.rb:68:in `tagged'
  railties (4.1.0) lib/rails/rack/logger.rb:20:in `call'
  actionpack (4.1.0) lib/action_dispatch/middleware/request_id.rb:21:in `call'
  rack (1.5.2) lib/rack/methodoverride.rb:21:in `call'
  rack (1.5.2) lib/rack/runtime.rb:17:in `call'
  activesupport (4.1.0) lib/active_support/cache/strategy/local_cache_middleware.rb:26:in `call'
  rack (1.5.2) lib/rack/lock.rb:17:in `call'
  actionpack (4.1.0) lib/action_dispatch/middleware/static.rb:64:in `call'
  rack (1.5.2) lib/rack/sendfile.rb:112:in `call'
  railties (4.1.0) lib/rails/engine.rb:514:in `call'
  railties (4.1.0) lib/rails/application.rb:144:in `call'
  rack (1.5.2) lib/rack/lock.rb:17:in `call'
  rack (1.5.2) lib/rack/content_length.rb:14:in `call'
  rack (1.5.2) lib/rack/handler/webrick.rb:60:in `service'
  /Users/danielcrews/.rvm/rubies/ruby-2.1.1/lib/ruby/2.1.0/webrick/httpserver.rb:138:in `service'
  /Users/danielcrews/.rvm/rubies/ruby-2.1.1/lib/ruby/2.1.0/webrick/httpserver.rb:94:in `run'
  /Users/danielcrews/.rvm/rubies/ruby-2.1.1/lib/ruby/2.1.0/webrick/server.rb:295:in `block in start_thread'


  Rendered /Users/danielcrews/.rvm/gems/ruby-2.1.1/gems/actionpack-4.1.0/lib/action_dispatch/middleware/templates/rescues/unknown_action.html.erb within rescues/layout (0.6ms)


Started GET "/users/new" for 127.0.0.1 at 2014-05-12 17:18:45 -0400

AbstractController::ActionNotFound (The action 'new' could not be found for UsersController):
  actionpack (4.1.0) lib/abstract_controller/base.rb:131:in `process'
  actionview (4.1.0) lib/action_view/rendering.rb:30:in `process'
  actionpack (4.1.0) lib/action_controller/metal.rb:195:in `dispatch'
  actionpack (4.1.0) lib/action_controller/metal/rack_delegation.rb:13:in `dispatch'
  actionpack (4.1.0) lib/action_controller/metal.rb:231:in `block in action'
  actionpack (4.1.0) lib/action_dispatch/routing/route_set.rb:80:in `call'
  actionpack (4.1.0) lib/action_dispatch/routing/route_set.rb:80:in `dispatch'
  actionpack (4.1.0) lib/action_dispatch/routing/route_set.rb:48:in `call'
  actionpack (4.1.0) lib/action_dispatch/journey/router.rb:71:in `block in call'
  actionpack (4.1.0) lib/action_dispatch/journey/router.rb:59:in `each'
  actionpack (4.1.0) lib/action_dispatch/journey/router.rb:59:in `call'
  actionpack (4.1.0) lib/action_dispatch/routing/route_set.rb:676:in `call'
  rack (1.5.2) lib/rack/etag.rb:23:in `call'
  rack (1.5.2) lib/rack/conditionalget.rb:25:in `call'
  rack (1.5.2) lib/rack/head.rb:11:in `call'
  actionpack (4.1.0) lib/action_dispatch/middleware/params_parser.rb:27:in `call'
  actionpack (4.1.0) lib/action_dispatch/middleware/flash.rb:254:in `call'
  rack (1.5.2) lib/rack/session/abstract/id.rb:225:in `context'
  rack (1.5.2) lib/rack/session/abstract/id.rb:220:in `call'
  actionpack (4.1.0) lib/action_dispatch/middleware/cookies.rb:560:in `call'
  activerecord (4.1.0) lib/active_record/query_cache.rb:36:in `call'
  activerecord (4.1.0) lib/active_record/connection_adapters/abstract/connection_pool.rb:621:in `call'
  activerecord (4.1.0) lib/active_record/migration.rb:380:in `call'
  actionpack (4.1.0) lib/action_dispatch/middleware/callbacks.rb:29:in `block in call'
  activesupport (4.1.0) lib/active_support/callbacks.rb:82:in `run_callbacks'
  actionpack (4.1.0) lib/action_dispatch/middleware/callbacks.rb:27:in `call'
  actionpack (4.1.0) lib/action_dispatch/middleware/reloader.rb:73:in `call'
  actionpack (4.1.0) lib/action_dispatch/middleware/remote_ip.rb:76:in `call'
  actionpack (4.1.0) lib/action_dispatch/middleware/debug_exceptions.rb:17:in `call'
  actionpack (4.1.0) lib/action_dispatch/middleware/show_exceptions.rb:30:in `call'
  railties (4.1.0) lib/rails/rack/logger.rb:38:in `call_app'
  railties (4.1.0) lib/rails/rack/logger.rb:20:in `block in call'
  activesupport (4.1.0) lib/active_support/tagged_logging.rb:68:in `block in tagged'
  activesupport (4.1.0) lib/active_support/tagged_logging.rb:26:in `tagged'
  activesupport (4.1.0) lib/active_support/tagged_logging.rb:68:in `tagged'
  railties (4.1.0) lib/rails/rack/logger.rb:20:in `call'
  actionpack (4.1.0) lib/action_dispatch/middleware/request_id.rb:21:in `call'
  rack (1.5.2) lib/rack/methodoverride.rb:21:in `call'
  rack (1.5.2) lib/rack/runtime.rb:17:in `call'
  activesupport (4.1.0) lib/active_support/cache/strategy/local_cache_middleware.rb:26:in `call'
  rack (1.5.2) lib/rack/lock.rb:17:in `call'
  actionpack (4.1.0) lib/action_dispatch/middleware/static.rb:64:in `call'
  rack (1.5.2) lib/rack/sendfile.rb:112:in `call'
  railties (4.1.0) lib/rails/engine.rb:514:in `call'
  railties (4.1.0) lib/rails/application.rb:144:in `call'
  rack (1.5.2) lib/rack/lock.rb:17:in `call'
  rack (1.5.2) lib/rack/content_length.rb:14:in `call'
  rack (1.5.2) lib/rack/handler/webrick.rb:60:in `service'
  /Users/danielcrews/.rvm/rubies/ruby-2.1.1/lib/ruby/2.1.0/webrick/httpserver.rb:138:in `service'
  /Users/danielcrews/.rvm/rubies/ruby-2.1.1/lib/ruby/2.1.0/webrick/httpserver.rb:94:in `run'
  /Users/danielcrews/.rvm/rubies/ruby-2.1.1/lib/ruby/2.1.0/webrick/server.rb:295:in `block in start_thread'


  Rendered /Users/danielcrews/.rvm/gems/ruby-2.1.1/gems/actionpack-4.1.0/lib/action_dispatch/middleware/templates/rescues/unknown_action.html.erb within rescues/layout (0.4ms)


Started GET "/users" for 127.0.0.1 at 2014-05-12 17:19:20 -0400
Processing by UsersController#index as HTML
  [1m[35m (0.1ms)[0m  SELECT COUNT(*) FROM "users"
  [1m[36mUser Load (0.1ms)[0m  [1mSELECT "users".* FROM "users"[0m
  Rendered users/index.html.erb within layouts/application (6.6ms)
  Rendered layouts/_header.html.erb (0.2ms)
  Rendered layouts/_flashes.html.erb (0.1ms)
  Rendered layouts/_sidebar.html.erb (0.2ms)
  Rendered layouts/_footer.html.erb (0.0ms)
Completed 200 OK in 21ms (Views: 16.3ms | ActiveRecord: 0.7ms)


Started GET "/assets/application.css?body=1" for 127.0.0.1 at 2014-05-12 17:19:20 -0400


Started GET "/assets/events.css?body=1" for 127.0.0.1 at 2014-05-12 17:19:20 -0400


Started GET "/assets/elements.css?body=1" for 127.0.0.1 at 2014-05-12 17:19:20 -0400


Started GET "/assets/normalize.css?body=1" for 127.0.0.1 at 2014-05-12 17:19:20 -0400


Started GET "/assets/layout.css?body=1" for 127.0.0.1 at 2014-05-12 17:19:20 -0400


Started GET "/assets/forms.css?body=1" for 127.0.0.1 at 2014-05-12 17:19:20 -0400


Started GET "/assets/buttons.css?body=1" for 127.0.0.1 at 2014-05-12 17:19:20 -0400


Started GET "/assets/jquery.js?body=1" for 127.0.0.1 at 2014-05-12 17:19:20 -0400


Started GET "/assets/jquery_ujs.js?body=1" for 127.0.0.1 at 2014-05-12 17:19:20 -0400


Started GET "/assets/turbolinks.js?body=1" for 127.0.0.1 at 2014-05-12 17:19:20 -0400


Started GET "/assets/events.js?body=1" for 127.0.0.1 at 2014-05-12 17:19:20 -0400


Started GET "/assets/registrations.js?body=1" for 127.0.0.1 at 2014-05-12 17:19:20 -0400


Started GET "/assets/users.js?body=1" for 127.0.0.1 at 2014-05-12 17:19:20 -0400


Started GET "/assets/application.js?body=1" for 127.0.0.1 at 2014-05-12 17:19:20 -0400


Started GET "/users/new" for 127.0.0.1 at 2014-05-12 17:19:23 -0400
Processing by UsersController#new as HTML
Completed 500 Internal Server Error in 3ms

ActionView::MissingTemplate (Missing template users/new, application/new with {:locale=>[:en], :formats=>[:html, :xml], :variants=>[], :handlers=>[:erb, :builder, :raw, :ruby, :jbuilder, :coffee]}. Searched in:
  * "/Users/danielcrews/code2014/rails_ii_studio/events/app/views"
):
  actionview (4.1.0) lib/action_view/path_set.rb:46:in `find'
  actionview (4.1.0) lib/action_view/lookup_context.rb:124:in `find'
  actionview (4.1.0) lib/action_view/renderer/abstract_renderer.rb:18:in `find_template'
  actionview (4.1.0) lib/action_view/renderer/template_renderer.rb:41:in `determine_template'
  actionview (4.1.0) lib/action_view/renderer/template_renderer.rb:8:in `render'
  actionview (4.1.0) lib/action_view/renderer/renderer.rb:42:in `render_template'
  actionview (4.1.0) lib/action_view/renderer/renderer.rb:23:in `render'
  actionview (4.1.0) lib/action_view/rendering.rb:99:in `_render_template'
  actionpack (4.1.0) lib/action_controller/metal/streaming.rb:217:in `_render_template'
  actionview (4.1.0) lib/action_view/rendering.rb:82:in `render_to_body'
  actionpack (4.1.0) lib/action_controller/metal/rendering.rb:32:in `render_to_body'
  actionpack (4.1.0) lib/action_controller/metal/renderers.rb:32:in `render_to_body'
  actionpack (4.1.0) lib/abstract_controller/rendering.rb:25:in `render'
  actionpack (4.1.0) lib/action_controller/metal/rendering.rb:16:in `render'
  actionpack (4.1.0) lib/action_controller/metal/instrumentation.rb:41:in `block (2 levels) in render'
  activesupport (4.1.0) lib/active_support/core_ext/benchmark.rb:12:in `block in ms'
  /Users/danielcrews/.rvm/rubies/ruby-2.1.1/lib/ruby/2.1.0/benchmark.rb:294:in `realtime'
  activesupport (4.1.0) lib/active_support/core_ext/benchmark.rb:12:in `ms'
  actionpack (4.1.0) lib/action_controller/metal/instrumentation.rb:41:in `block in render'
  actionpack (4.1.0) lib/action_controller/metal/instrumentation.rb:84:in `cleanup_view_runtime'
  activerecord (4.1.0) lib/active_record/railties/controller_runtime.rb:25:in `cleanup_view_runtime'
  actionpack (4.1.0) lib/action_controller/metal/instrumentation.rb:40:in `render'
  actionpack (4.1.0) lib/action_controller/metal/implicit_render.rb:10:in `default_render'
  actionpack (4.1.0) lib/action_controller/metal/implicit_render.rb:5:in `send_action'
  actionpack (4.1.0) lib/abstract_controller/base.rb:189:in `process_action'
  actionpack (4.1.0) lib/action_controller/metal/rendering.rb:10:in `process_action'
  actionpack (4.1.0) lib/abstract_controller/callbacks.rb:20:in `block in process_action'
  activesupport (4.1.0) lib/active_support/callbacks.rb:113:in `call'
  activesupport (4.1.0) lib/active_support/callbacks.rb:113:in `call'
  activesupport (4.1.0) lib/active_support/callbacks.rb:229:in `block in halting'
  activesupport (4.1.0) lib/active_support/callbacks.rb:229:in `call'
  activesupport (4.1.0) lib/active_support/callbacks.rb:229:in `block in halting'
  activesupport (4.1.0) lib/active_support/callbacks.rb:166:in `call'
  activesupport (4.1.0) lib/active_support/callbacks.rb:166:in `block in halting'
  activesupport (4.1.0) lib/active_support/callbacks.rb:166:in `call'
  activesupport (4.1.0) lib/active_support/callbacks.rb:166:in `block in halting'
  activesupport (4.1.0) lib/active_support/callbacks.rb:166:in `call'
  activesupport (4.1.0) lib/active_support/callbacks.rb:166:in `block in halting'
  activesupport (4.1.0) lib/active_support/callbacks.rb:86:in `call'
  activesupport (4.1.0) lib/active_support/callbacks.rb:86:in `run_callbacks'
  actionpack (4.1.0) lib/abstract_controller/callbacks.rb:19:in `process_action'
  actionpack (4.1.0) lib/action_controller/metal/rescue.rb:29:in `process_action'
  actionpack (4.1.0) lib/action_controller/metal/instrumentation.rb:31:in `block in process_action'
  activesupport (4.1.0) lib/active_support/notifications.rb:159:in `block in instrument'
  activesupport (4.1.0) lib/active_support/notifications/instrumenter.rb:20:in `instrument'
  activesupport (4.1.0) lib/active_support/notifications.rb:159:in `instrument'
  actionpack (4.1.0) lib/action_controller/metal/instrumentation.rb:30:in `process_action'
  actionpack (4.1.0) lib/action_controller/metal/params_wrapper.rb:250:in `process_action'
  activerecord (4.1.0) lib/active_record/railties/controller_runtime.rb:18:in `process_action'
  actionpack (4.1.0) lib/abstract_controller/base.rb:136:in `process'
  actionview (4.1.0) lib/action_view/rendering.rb:30:in `process'
  actionpack (4.1.0) lib/action_controller/metal.rb:195:in `dispatch'
  actionpack (4.1.0) lib/action_controller/metal/rack_delegation.rb:13:in `dispatch'
  actionpack (4.1.0) lib/action_controller/metal.rb:231:in `block in action'
  actionpack (4.1.0) lib/action_dispatch/routing/route_set.rb:80:in `call'
  actionpack (4.1.0) lib/action_dispatch/routing/route_set.rb:80:in `dispatch'
  actionpack (4.1.0) lib/action_dispatch/routing/route_set.rb:48:in `call'
  actionpack (4.1.0) lib/action_dispatch/journey/router.rb:71:in `block in call'
  actionpack (4.1.0) lib/action_dispatch/journey/router.rb:59:in `each'
  actionpack (4.1.0) lib/action_dispatch/journey/router.rb:59:in `call'
  actionpack (4.1.0) lib/action_dispatch/routing/route_set.rb:676:in `call'
  rack (1.5.2) lib/rack/etag.rb:23:in `call'
  rack (1.5.2) lib/rack/conditionalget.rb:25:in `call'
  rack (1.5.2) lib/rack/head.rb:11:in `call'
  actionpack (4.1.0) lib/action_dispatch/middleware/params_parser.rb:27:in `call'
  actionpack (4.1.0) lib/action_dispatch/middleware/flash.rb:254:in `call'
  rack (1.5.2) lib/rack/session/abstract/id.rb:225:in `context'
  rack (1.5.2) lib/rack/session/abstract/id.rb:220:in `call'
  actionpack (4.1.0) lib/action_dispatch/middleware/cookies.rb:560:in `call'
  activerecord (4.1.0) lib/active_record/query_cache.rb:36:in `call'
  activerecord (4.1.0) lib/active_record/connection_adapters/abstract/connection_pool.rb:621:in `call'
  activerecord (4.1.0) lib/active_record/migration.rb:380:in `call'
  actionpack (4.1.0) lib/action_dispatch/middleware/callbacks.rb:29:in `block in call'
  activesupport (4.1.0) lib/active_support/callbacks.rb:82:in `run_callbacks'
  actionpack (4.1.0) lib/action_dispatch/middleware/callbacks.rb:27:in `call'
  actionpack (4.1.0) lib/action_dispatch/middleware/reloader.rb:73:in `call'
  actionpack (4.1.0) lib/action_dispatch/middleware/remote_ip.rb:76:in `call'
  actionpack (4.1.0) lib/action_dispatch/middleware/debug_exceptions.rb:17:in `call'
  actionpack (4.1.0) lib/action_dispatch/middleware/show_exceptions.rb:30:in `call'
  railties (4.1.0) lib/rails/rack/logger.rb:38:in `call_app'
  railties (4.1.0) lib/rails/rack/logger.rb:20:in `block in call'
  activesupport (4.1.0) lib/active_support/tagged_logging.rb:68:in `block in tagged'
  activesupport (4.1.0) lib/active_support/tagged_logging.rb:26:in `tagged'
  activesupport (4.1.0) lib/active_support/tagged_logging.rb:68:in `tagged'
  railties (4.1.0) lib/rails/rack/logger.rb:20:in `call'
  actionpack (4.1.0) lib/action_dispatch/middleware/request_id.rb:21:in `call'
  rack (1.5.2) lib/rack/methodoverride.rb:21:in `call'
  rack (1.5.2) lib/rack/runtime.rb:17:in `call'
  activesupport (4.1.0) lib/active_support/cache/strategy/local_cache_middleware.rb:26:in `call'
  rack (1.5.2) lib/rack/lock.rb:17:in `call'
  actionpack (4.1.0) lib/action_dispatch/middleware/static.rb:64:in `call'
  rack (1.5.2) lib/rack/sendfile.rb:112:in `call'
  railties (4.1.0) lib/rails/engine.rb:514:in `call'
  railties (4.1.0) lib/rails/application.rb:144:in `call'
  rack (1.5.2) lib/rack/lock.rb:17:in `call'
  rack (1.5.2) lib/rack/content_length.rb:14:in `call'
  rack (1.5.2) lib/rack/handler/webrick.rb:60:in `service'
  /Users/danielcrews/.rvm/rubies/ruby-2.1.1/lib/ruby/2.1.0/webrick/httpserver.rb:138:in `service'
  /Users/danielcrews/.rvm/rubies/ruby-2.1.1/lib/ruby/2.1.0/webrick/httpserver.rb:94:in `run'
  /Users/danielcrews/.rvm/rubies/ruby-2.1.1/lib/ruby/2.1.0/webrick/server.rb:295:in `block in start_thread'


  Rendered /Users/danielcrews/.rvm/gems/ruby-2.1.1/gems/actionpack-4.1.0/lib/action_dispatch/middleware/templates/rescues/missing_template.html.erb within rescues/layout (0.9ms)


Started GET "/users/new" for 127.0.0.1 at 2014-05-12 17:19:23 -0400
Processing by UsersController#new as HTML
Completed 500 Internal Server Error in 1ms

ActionView::MissingTemplate (Missing template users/new, application/new with {:locale=>[:en], :formats=>[:html], :variants=>[], :handlers=>[:erb, :builder, :raw, :ruby, :jbuilder, :coffee]}. Searched in:
  * "/Users/danielcrews/code2014/rails_ii_studio/events/app/views"
):
  actionview (4.1.0) lib/action_view/path_set.rb:46:in `find'
  actionview (4.1.0) lib/action_view/lookup_context.rb:124:in `find'
  actionview (4.1.0) lib/action_view/renderer/abstract_renderer.rb:18:in `find_template'
  actionview (4.1.0) lib/action_view/renderer/template_renderer.rb:41:in `determine_template'
  actionview (4.1.0) lib/action_view/renderer/template_renderer.rb:8:in `render'
  actionview (4.1.0) lib/action_view/renderer/renderer.rb:42:in `render_template'
  actionview (4.1.0) lib/action_view/renderer/renderer.rb:23:in `render'
  actionview (4.1.0) lib/action_view/rendering.rb:99:in `_render_template'
  actionpack (4.1.0) lib/action_controller/metal/streaming.rb:217:in `_render_template'
  actionview (4.1.0) lib/action_view/rendering.rb:82:in `render_to_body'
  actionpack (4.1.0) lib/action_controller/metal/rendering.rb:32:in `render_to_body'
  actionpack (4.1.0) lib/action_controller/metal/renderers.rb:32:in `render_to_body'
  actionpack (4.1.0) lib/abstract_controller/rendering.rb:25:in `render'
  actionpack (4.1.0) lib/action_controller/metal/rendering.rb:16:in `render'
  actionpack (4.1.0) lib/action_controller/metal/instrumentation.rb:41:in `block (2 levels) in render'
  activesupport (4.1.0) lib/active_support/core_ext/benchmark.rb:12:in `block in ms'
  /Users/danielcrews/.rvm/rubies/ruby-2.1.1/lib/ruby/2.1.0/benchmark.rb:294:in `realtime'
  activesupport (4.1.0) lib/active_support/core_ext/benchmark.rb:12:in `ms'
  actionpack (4.1.0) lib/action_controller/metal/instrumentation.rb:41:in `block in render'
  actionpack (4.1.0) lib/action_controller/metal/instrumentation.rb:84:in `cleanup_view_runtime'
  activerecord (4.1.0) lib/active_record/railties/controller_runtime.rb:25:in `cleanup_view_runtime'
  actionpack (4.1.0) lib/action_controller/metal/instrumentation.rb:40:in `render'
  actionpack (4.1.0) lib/action_controller/metal/implicit_render.rb:10:in `default_render'
  actionpack (4.1.0) lib/action_controller/metal/implicit_render.rb:5:in `send_action'
  actionpack (4.1.0) lib/abstract_controller/base.rb:189:in `process_action'
  actionpack (4.1.0) lib/action_controller/metal/rendering.rb:10:in `process_action'
  actionpack (4.1.0) lib/abstract_controller/callbacks.rb:20:in `block in process_action'
  activesupport (4.1.0) lib/active_support/callbacks.rb:113:in `call'
  activesupport (4.1.0) lib/active_support/callbacks.rb:113:in `call'
  activesupport (4.1.0) lib/active_support/callbacks.rb:229:in `block in halting'
  activesupport (4.1.0) lib/active_support/callbacks.rb:229:in `call'
  activesupport (4.1.0) lib/active_support/callbacks.rb:229:in `block in halting'
  activesupport (4.1.0) lib/active_support/callbacks.rb:166:in `call'
  activesupport (4.1.0) lib/active_support/callbacks.rb:166:in `block in halting'
  activesupport (4.1.0) lib/active_support/callbacks.rb:166:in `call'
  activesupport (4.1.0) lib/active_support/callbacks.rb:166:in `block in halting'
  activesupport (4.1.0) lib/active_support/callbacks.rb:166:in `call'
  activesupport (4.1.0) lib/active_support/callbacks.rb:166:in `block in halting'
  activesupport (4.1.0) lib/active_support/callbacks.rb:86:in `call'
  activesupport (4.1.0) lib/active_support/callbacks.rb:86:in `run_callbacks'
  actionpack (4.1.0) lib/abstract_controller/callbacks.rb:19:in `process_action'
  actionpack (4.1.0) lib/action_controller/metal/rescue.rb:29:in `process_action'
  actionpack (4.1.0) lib/action_controller/metal/instrumentation.rb:31:in `block in process_action'
  activesupport (4.1.0) lib/active_support/notifications.rb:159:in `block in instrument'
  activesupport (4.1.0) lib/active_support/notifications/instrumenter.rb:20:in `instrument'
  activesupport (4.1.0) lib/active_support/notifications.rb:159:in `instrument'
  actionpack (4.1.0) lib/action_controller/metal/instrumentation.rb:30:in `process_action'
  actionpack (4.1.0) lib/action_controller/metal/params_wrapper.rb:250:in `process_action'
  activerecord (4.1.0) lib/active_record/railties/controller_runtime.rb:18:in `process_action'
  actionpack (4.1.0) lib/abstract_controller/base.rb:136:in `process'
  actionview (4.1.0) lib/action_view/rendering.rb:30:in `process'
  actionpack (4.1.0) lib/action_controller/metal.rb:195:in `dispatch'
  actionpack (4.1.0) lib/action_controller/metal/rack_delegation.rb:13:in `dispatch'
  actionpack (4.1.0) lib/action_controller/metal.rb:231:in `block in action'
  actionpack (4.1.0) lib/action_dispatch/routing/route_set.rb:80:in `call'
  actionpack (4.1.0) lib/action_dispatch/routing/route_set.rb:80:in `dispatch'
  actionpack (4.1.0) lib/action_dispatch/routing/route_set.rb:48:in `call'
  actionpack (4.1.0) lib/action_dispatch/journey/router.rb:71:in `block in call'
  actionpack (4.1.0) lib/action_dispatch/journey/router.rb:59:in `each'
  actionpack (4.1.0) lib/action_dispatch/journey/router.rb:59:in `call'
  actionpack (4.1.0) lib/action_dispatch/routing/route_set.rb:676:in `call'
  rack (1.5.2) lib/rack/etag.rb:23:in `call'
  rack (1.5.2) lib/rack/conditionalget.rb:25:in `call'
  rack (1.5.2) lib/rack/head.rb:11:in `call'
  actionpack (4.1.0) lib/action_dispatch/middleware/params_parser.rb:27:in `call'
  actionpack (4.1.0) lib/action_dispatch/middleware/flash.rb:254:in `call'
  rack (1.5.2) lib/rack/session/abstract/id.rb:225:in `context'
  rack (1.5.2) lib/rack/session/abstract/id.rb:220:in `call'
  actionpack (4.1.0) lib/action_dispatch/middleware/cookies.rb:560:in `call'
  activerecord (4.1.0) lib/active_record/query_cache.rb:36:in `call'
  activerecord (4.1.0) lib/active_record/connection_adapters/abstract/connection_pool.rb:621:in `call'
  activerecord (4.1.0) lib/active_record/migration.rb:380:in `call'
  actionpack (4.1.0) lib/action_dispatch/middleware/callbacks.rb:29:in `block in call'
  activesupport (4.1.0) lib/active_support/callbacks.rb:82:in `run_callbacks'
  actionpack (4.1.0) lib/action_dispatch/middleware/callbacks.rb:27:in `call'
  actionpack (4.1.0) lib/action_dispatch/middleware/reloader.rb:73:in `call'
  actionpack (4.1.0) lib/action_dispatch/middleware/remote_ip.rb:76:in `call'
  actionpack (4.1.0) lib/action_dispatch/middleware/debug_exceptions.rb:17:in `call'
  actionpack (4.1.0) lib/action_dispatch/middleware/show_exceptions.rb:30:in `call'
  railties (4.1.0) lib/rails/rack/logger.rb:38:in `call_app'
  railties (4.1.0) lib/rails/rack/logger.rb:20:in `block in call'
  activesupport (4.1.0) lib/active_support/tagged_logging.rb:68:in `block in tagged'
  activesupport (4.1.0) lib/active_support/tagged_logging.rb:26:in `tagged'
  activesupport (4.1.0) lib/active_support/tagged_logging.rb:68:in `tagged'
  railties (4.1.0) lib/rails/rack/logger.rb:20:in `call'
  actionpack (4.1.0) lib/action_dispatch/middleware/request_id.rb:21:in `call'
  rack (1.5.2) lib/rack/methodoverride.rb:21:in `call'
  rack (1.5.2) lib/rack/runtime.rb:17:in `call'
  activesupport (4.1.0) lib/active_support/cache/strategy/local_cache_middleware.rb:26:in `call'
  rack (1.5.2) lib/rack/lock.rb:17:in `call'
  actionpack (4.1.0) lib/action_dispatch/middleware/static.rb:64:in `call'
  rack (1.5.2) lib/rack/sendfile.rb:112:in `call'
  railties (4.1.0) lib/rails/engine.rb:514:in `call'
  railties (4.1.0) lib/rails/application.rb:144:in `call'
  rack (1.5.2) lib/rack/lock.rb:17:in `call'
  rack (1.5.2) lib/rack/content_length.rb:14:in `call'
  rack (1.5.2) lib/rack/handler/webrick.rb:60:in `service'
  /Users/danielcrews/.rvm/rubies/ruby-2.1.1/lib/ruby/2.1.0/webrick/httpserver.rb:138:in `service'
  /Users/danielcrews/.rvm/rubies/ruby-2.1.1/lib/ruby/2.1.0/webrick/httpserver.rb:94:in `run'
  /Users/danielcrews/.rvm/rubies/ruby-2.1.1/lib/ruby/2.1.0/webrick/server.rb:295:in `block in start_thread'


  Rendered /Users/danielcrews/.rvm/gems/ruby-2.1.1/gems/actionpack-4.1.0/lib/action_dispatch/middleware/templates/rescues/missing_template.html.erb within rescues/layout (0.5ms)


Started GET "/users/new" for 127.0.0.1 at 2014-05-12 17:19:51 -0400
Processing by UsersController#new as HTML
  Rendered users/new.html.erb within layouts/application (0.3ms)
  Rendered layouts/_header.html.erb (0.3ms)
  Rendered layouts/_flashes.html.erb (0.1ms)
  Rendered layouts/_sidebar.html.erb (0.3ms)
  Rendered layouts/_footer.html.erb (0.0ms)
Completed 200 OK in 10ms (Views: 9.2ms | ActiveRecord: 0.0ms)


Started GET "/assets/application.css?body=1" for 127.0.0.1 at 2014-05-12 17:19:51 -0400


Started GET "/assets/layout.css?body=1" for 127.0.0.1 at 2014-05-12 17:19:51 -0400


Started GET "/assets/forms.css?body=1" for 127.0.0.1 at 2014-05-12 17:19:51 -0400


Started GET "/assets/normalize.css?body=1" for 127.0.0.1 at 2014-05-12 17:19:51 -0400


Started GET "/assets/elements.css?body=1" for 127.0.0.1 at 2014-05-12 17:19:51 -0400


Started GET "/assets/events.css?body=1" for 127.0.0.1 at 2014-05-12 17:19:51 -0400


Started GET "/assets/buttons.css?body=1" for 127.0.0.1 at 2014-05-12 17:19:51 -0400


Started GET "/assets/jquery.js?body=1" for 127.0.0.1 at 2014-05-12 17:19:51 -0400


Started GET "/assets/jquery_ujs.js?body=1" for 127.0.0.1 at 2014-05-12 17:19:51 -0400


Started GET "/assets/turbolinks.js?body=1" for 127.0.0.1 at 2014-05-12 17:19:51 -0400


Started GET "/assets/events.js?body=1" for 127.0.0.1 at 2014-05-12 17:19:51 -0400


Started GET "/assets/registrations.js?body=1" for 127.0.0.1 at 2014-05-12 17:19:51 -0400


Started GET "/assets/users.js?body=1" for 127.0.0.1 at 2014-05-12 17:19:51 -0400


Started GET "/assets/application.js?body=1" for 127.0.0.1 at 2014-05-12 17:19:51 -0400


Started GET "/users/new" for 127.0.0.1 at 2014-05-12 17:19:54 -0400
Processing by UsersController#new as HTML
  Rendered users/new.html.erb within layouts/application (0.3ms)
  Rendered layouts/_header.html.erb (1.0ms)
  Rendered layouts/_flashes.html.erb (0.1ms)
  Rendered layouts/_sidebar.html.erb (0.2ms)
  Rendered layouts/_footer.html.erb (0.0ms)
Completed 200 OK in 12ms (Views: 11.2ms | ActiveRecord: 0.0ms)


Started GET "/events" for 127.0.0.1 at 2014-05-12 17:19:57 -0400
Processing by EventsController#index as HTML
  [1m[35mEvent Load (0.3ms)[0m  SELECT "events".* FROM "events"  WHERE (starts_at >= '2014-05-12 21:19:57.115393')  ORDER BY "events"."starts_at" ASC
  [1m[36m (0.1ms)[0m  [1mSELECT COUNT(*) FROM "registrations"  WHERE "registrations"."event_id" = ?[0m  [["event_id", 1]]
  [1m[35m (0.1ms)[0m  SELECT COUNT(*) FROM "registrations"  WHERE "registrations"."event_id" = ?  [["event_id", 2]]
  [1m[36m (0.1ms)[0m  [1mSELECT COUNT(*) FROM "registrations"  WHERE "registrations"."event_id" = ?[0m  [["event_id", 3]]
  [1m[35m (0.1ms)[0m  SELECT COUNT(*) FROM "registrations"  WHERE "registrations"."event_id" = ?  [["event_id", 4]]
  [1m[36m (0.1ms)[0m  [1mSELECT COUNT(*) FROM "registrations"  WHERE "registrations"."event_id" = ?[0m  [["event_id", 5]]
  [1m[35m (0.1ms)[0m  SELECT COUNT(*) FROM "registrations"  WHERE "registrations"."event_id" = ?  [["event_id", 6]]
  [1m[36m (0.1ms)[0m  [1mSELECT COUNT(*) FROM "registrations"  WHERE "registrations"."event_id" = ?[0m  [["event_id", 7]]
  Rendered events/index.html.erb within layouts/application (28.5ms)
  Rendered layouts/_header.html.erb (0.2ms)
  Rendered layouts/_flashes.html.erb (0.1ms)
  Rendered layouts/_sidebar.html.erb (0.2ms)
  Rendered layouts/_footer.html.erb (0.0ms)
Completed 200 OK in 48ms (Views: 37.5ms | ActiveRecord: 1.5ms)


Started GET "/assets/bugsmash.png" for 127.0.0.1 at 2014-05-12 17:19:57 -0400


Started GET "/assets/hackathon.png" for 127.0.0.1 at 2014-05-12 17:19:57 -0400


Started GET "/assets/coffeecode.png" for 127.0.0.1 at 2014-05-12 17:19:57 -0400


Started GET "/assets/katacamp.png" for 127.0.0.1 at 2014-05-12 17:19:57 -0400


Started GET "/assets/cocoacookoff.png" for 127.0.0.1 at 2014-05-12 17:19:57 -0400


Started GET "/assets/moviemarathon.png" for 127.0.0.1 at 2014-05-12 17:19:57 -0400


Started GET "/assets/karaoke.png" for 127.0.0.1 at 2014-05-12 17:19:57 -0400
